2015/04/11 14:22:08 [error] [exception.CHttpException.404] exception 'CHttpException' with message 'The system is unable to find the requested action "js".' in C:\xampp\htdocs\javapointcafe\framework\web\CController.php:483
Stack trace:
#0 C:\xampp\htdocs\javapointcafe\framework\web\CController.php(270): CController->missingAction('js')
#1 C:\xampp\htdocs\javapointcafe\framework\web\CWebApplication.php(282): CController->run('js')
#2 C:\xampp\htdocs\javapointcafe\framework\web\CWebApplication.php(141): CWebApplication->runController('site/js/jquery....')
#3 C:\xampp\htdocs\javapointcafe\framework\base\CApplication.php(184): CWebApplication->processRequest()
#4 C:\xampp\htdocs\javapointcafe\index.php(13): CApplication->run()
#5 {main}
REQUEST_URI=/javapointcafe/index.php/site/js/jquery.bxslider.min.js
HTTP_REFERER=http://localhost/javapointcafe/index.php/site/index
---
2015/04/11 14:22:08 [error] [exception.CHttpException.404] exception 'CHttpException' with message 'The system is unable to find the requested action "images".' in C:\xampp\htdocs\javapointcafe\framework\web\CController.php:483
Stack trace:
#0 C:\xampp\htdocs\javapointcafe\framework\web\CController.php(270): CController->missingAction('images')
#1 C:\xampp\htdocs\javapointcafe\framework\web\CWebApplication.php(282): CController->run('images')
#2 C:\xampp\htdocs\javapointcafe\framework\web\CWebApplication.php(141): CWebApplication->runController('site/images/log...')
#3 C:\xampp\htdocs\javapointcafe\framework\base\CApplication.php(184): CWebApplication->processRequest()
#4 C:\xampp\htdocs\javapointcafe\index.php(13): CApplication->run()
#5 {main}
REQUEST_URI=/javapointcafe/index.php/site/images/logo.png
HTTP_REFERER=http://localhost/javapointcafe/index.php/site/index
---
2015/04/11 14:22:08 [error] [exception.CHttpException.404] exception 'CHttpException' with message 'The system is unable to find the requested action "css".' in C:\xampp\htdocs\javapointcafe\framework\web\CController.php:483
Stack trace:
#0 C:\xampp\htdocs\javapointcafe\framework\web\CController.php(270): CController->missingAction('css')
#1 C:\xampp\htdocs\javapointcafe\framework\web\CWebApplication.php(282): CController->run('css')
#2 C:\xampp\htdocs\javapointcafe\framework\web\CWebApplication.php(141): CWebApplication->runController('site/css/jquery...')
#3 C:\xampp\htdocs\javapointcafe\framework\base\CApplication.php(184): CWebApplication->processRequest()
#4 C:\xampp\htdocs\javapointcafe\index.php(13): CApplication->run()
#5 {main}
REQUEST_URI=/javapointcafe/index.php/site/css/jquery.bxslider.css
HTTP_REFERER=http://localhost/javapointcafe/index.php/site/index
---
2015/04/11 14:22:08 [error] [exception.CHttpException.404] exception 'CHttpException' with message 'The system is unable to find the requested action "images".' in C:\xampp\htdocs\javapointcafe\framework\web\CController.php:483
Stack trace:
#0 C:\xampp\htdocs\javapointcafe\framework\web\CController.php(270): CController->missingAction('images')
#1 C:\xampp\htdocs\javapointcafe\framework\web\CWebApplication.php(282): CController->run('images')
#2 C:\xampp\htdocs\javapointcafe\framework\web\CWebApplication.php(141): CWebApplication->runController('site/images/s1....')
#3 C:\xampp\htdocs\javapointcafe\framework\base\CApplication.php(184): CWebApplication->processRequest()
#4 C:\xampp\htdocs\javapointcafe\index.php(13): CApplication->run()
#5 {main}
REQUEST_URI=/javapointcafe/index.php/site/images/s1.jpg
HTTP_REFERER=http://localhost/javapointcafe/index.php/site/index
---
2015/04/11 14:22:08 [error] [exception.CHttpException.404] exception 'CHttpException' with message 'The system is unable to find the requested action "images".' in C:\xampp\htdocs\javapointcafe\framework\web\CController.php:483
Stack trace:
#0 C:\xampp\htdocs\javapointcafe\framework\web\CController.php(270): CController->missingAction('images')
#1 C:\xampp\htdocs\javapointcafe\framework\web\CWebApplication.php(282): CController->run('images')
#2 C:\xampp\htdocs\javapointcafe\framework\web\CWebApplication.php(141): CWebApplication->runController('site/images/s3....')
#3 C:\xampp\htdocs\javapointcafe\framework\base\CApplication.php(184): CWebApplication->processRequest()
#4 C:\xampp\htdocs\javapointcafe\index.php(13): CApplication->run()
#5 {main}
REQUEST_URI=/javapointcafe/index.php/site/images/s3.jpg
HTTP_REFERER=http://localhost/javapointcafe/index.php/site/index
---
2015/04/11 14:22:08 [error] [exception.CHttpException.404] exception 'CHttpException' with message 'The system is unable to find the requested action "images".' in C:\xampp\htdocs\javapointcafe\framework\web\CController.php:483
Stack trace:
#0 C:\xampp\htdocs\javapointcafe\framework\web\CController.php(270): CController->missingAction('images')
#1 C:\xampp\htdocs\javapointcafe\framework\web\CWebApplication.php(282): CController->run('images')
#2 C:\xampp\htdocs\javapointcafe\framework\web\CWebApplication.php(141): CWebApplication->runController('site/images/s2....')
#3 C:\xampp\htdocs\javapointcafe\framework\base\CApplication.php(184): CWebApplication->processRequest()
#4 C:\xampp\htdocs\javapointcafe\index.php(13): CApplication->run()
#5 {main}
REQUEST_URI=/javapointcafe/index.php/site/images/s2.jpg
HTTP_REFERER=http://localhost/javapointcafe/index.php/site/index
---
2015/04/11 14:22:33 [error] [exception.CHttpException.404] exception 'CHttpException' with message 'The system is unable to find the requested action "js".' in C:\xampp\htdocs\javapointcafe\framework\web\CController.php:483
Stack trace:
#0 C:\xampp\htdocs\javapointcafe\framework\web\CController.php(270): CController->missingAction('js')
#1 C:\xampp\htdocs\javapointcafe\framework\web\CWebApplication.php(282): CController->run('js')
#2 C:\xampp\htdocs\javapointcafe\framework\web\CWebApplication.php(141): CWebApplication->runController('site/js/jquery....')
#3 C:\xampp\htdocs\javapointcafe\framework\base\CApplication.php(184): CWebApplication->processRequest()
#4 C:\xampp\htdocs\javapointcafe\index.php(13): CApplication->run()
#5 {main}
REQUEST_URI=/javapointcafe/index.php/site/js/jquery.bxslider.min.js
HTTP_REFERER=http://localhost/javapointcafe/index.php/site/index
---
2015/04/11 14:22:33 [error] [exception.CHttpException.404] exception 'CHttpException' with message 'The system is unable to find the requested action "css".' in C:\xampp\htdocs\javapointcafe\framework\web\CController.php:483
Stack trace:
#0 C:\xampp\htdocs\javapointcafe\framework\web\CController.php(270): CController->missingAction('css')
#1 C:\xampp\htdocs\javapointcafe\framework\web\CWebApplication.php(282): CController->run('css')
#2 C:\xampp\htdocs\javapointcafe\framework\web\CWebApplication.php(141): CWebApplication->runController('site/css/jquery...')
#3 C:\xampp\htdocs\javapointcafe\framework\base\CApplication.php(184): CWebApplication->processRequest()
#4 C:\xampp\htdocs\javapointcafe\index.php(13): CApplication->run()
#5 {main}
REQUEST_URI=/javapointcafe/index.php/site/css/jquery.bxslider.css
HTTP_REFERER=http://localhost/javapointcafe/index.php/site/index
---
2015/04/11 14:22:33 [error] [exception.CHttpException.404] exception 'CHttpException' with message 'The system is unable to find the requested action "images".' in C:\xampp\htdocs\javapointcafe\framework\web\CController.php:483
Stack trace:
#0 C:\xampp\htdocs\javapointcafe\framework\web\CController.php(270): CController->missingAction('images')
#1 C:\xampp\htdocs\javapointcafe\framework\web\CWebApplication.php(282): CController->run('images')
#2 C:\xampp\htdocs\javapointcafe\framework\web\CWebApplication.php(141): CWebApplication->runController('site/images/s1....')
#3 C:\xampp\htdocs\javapointcafe\framework\base\CApplication.php(184): CWebApplication->processRequest()
#4 C:\xampp\htdocs\javapointcafe\index.php(13): CApplication->run()
#5 {main}
REQUEST_URI=/javapointcafe/index.php/site/images/s1.jpg
HTTP_REFERER=http://localhost/javapointcafe/index.php/site/index
---
2015/04/11 14:22:33 [error] [exception.CHttpException.404] exception 'CHttpException' with message 'The system is unable to find the requested action "images".' in C:\xampp\htdocs\javapointcafe\framework\web\CController.php:483
Stack trace:
#0 C:\xampp\htdocs\javapointcafe\framework\web\CController.php(270): CController->missingAction('images')
#1 C:\xampp\htdocs\javapointcafe\framework\web\CWebApplication.php(282): CController->run('images')
#2 C:\xampp\htdocs\javapointcafe\framework\web\CWebApplication.php(141): CWebApplication->runController('site/images/s2....')
#3 C:\xampp\htdocs\javapointcafe\framework\base\CApplication.php(184): CWebApplication->processRequest()
#4 C:\xampp\htdocs\javapointcafe\index.php(13): CApplication->run()
#5 {main}
REQUEST_URI=/javapointcafe/index.php/site/images/s2.jpg
HTTP_REFERER=http://localhost/javapointcafe/index.php/site/index
---
2015/04/11 14:22:33 [error] [exception.CHttpException.404] exception 'CHttpException' with message 'The system is unable to find the requested action "images".' in C:\xampp\htdocs\javapointcafe\framework\web\CController.php:483
Stack trace:
#0 C:\xampp\htdocs\javapointcafe\framework\web\CController.php(270): CController->missingAction('images')
#1 C:\xampp\htdocs\javapointcafe\framework\web\CWebApplication.php(282): CController->run('images')
#2 C:\xampp\htdocs\javapointcafe\framework\web\CWebApplication.php(141): CWebApplication->runController('site/images/s3....')
#3 C:\xampp\htdocs\javapointcafe\framework\base\CApplication.php(184): CWebApplication->processRequest()
#4 C:\xampp\htdocs\javapointcafe\index.php(13): CApplication->run()
#5 {main}
REQUEST_URI=/javapointcafe/index.php/site/images/s3.jpg
HTTP_REFERER=http://localhost/javapointcafe/index.php/site/index
---
2015/04/11 14:22:33 [error] [exception.CHttpException.404] exception 'CHttpException' with message 'The system is unable to find the requested action "images".' in C:\xampp\htdocs\javapointcafe\framework\web\CController.php:483
Stack trace:
#0 C:\xampp\htdocs\javapointcafe\framework\web\CController.php(270): CController->missingAction('images')
#1 C:\xampp\htdocs\javapointcafe\framework\web\CWebApplication.php(282): CController->run('images')
#2 C:\xampp\htdocs\javapointcafe\framework\web\CWebApplication.php(141): CWebApplication->runController('site/images/log...')
#3 C:\xampp\htdocs\javapointcafe\framework\base\CApplication.php(184): CWebApplication->processRequest()
#4 C:\xampp\htdocs\javapointcafe\index.php(13): CApplication->run()
#5 {main}
REQUEST_URI=/javapointcafe/index.php/site/images/logo.png
HTTP_REFERER=http://localhost/javapointcafe/index.php/site/index
---
2015/04/11 14:23:07 [error] [exception.CHttpException.404] exception 'CHttpException' with message 'The system is unable to find the requested action "css".' in C:\xampp\htdocs\javapointcafe\framework\web\CController.php:483
Stack trace:
#0 C:\xampp\htdocs\javapointcafe\framework\web\CController.php(270): CController->missingAction('css')
#1 C:\xampp\htdocs\javapointcafe\framework\web\CWebApplication.php(282): CController->run('css')
#2 C:\xampp\htdocs\javapointcafe\framework\web\CWebApplication.php(141): CWebApplication->runController('site/css/jquery...')
#3 C:\xampp\htdocs\javapointcafe\framework\base\CApplication.php(184): CWebApplication->processRequest()
#4 C:\xampp\htdocs\javapointcafe\index.php(13): CApplication->run()
#5 {main}
REQUEST_URI=/javapointcafe/index.php/site/css/jquery.bxslider.css
HTTP_REFERER=http://localhost/javapointcafe/index.php/site/index
---
2015/04/11 14:23:07 [error] [exception.CHttpException.404] exception 'CHttpException' with message 'The system is unable to find the requested action "js".' in C:\xampp\htdocs\javapointcafe\framework\web\CController.php:483
Stack trace:
#0 C:\xampp\htdocs\javapointcafe\framework\web\CController.php(270): CController->missingAction('js')
#1 C:\xampp\htdocs\javapointcafe\framework\web\CWebApplication.php(282): CController->run('js')
#2 C:\xampp\htdocs\javapointcafe\framework\web\CWebApplication.php(141): CWebApplication->runController('site/js/jquery....')
#3 C:\xampp\htdocs\javapointcafe\framework\base\CApplication.php(184): CWebApplication->processRequest()
#4 C:\xampp\htdocs\javapointcafe\index.php(13): CApplication->run()
#5 {main}
REQUEST_URI=/javapointcafe/index.php/site/js/jquery.bxslider.min.js
HTTP_REFERER=http://localhost/javapointcafe/index.php/site/index
---
2015/04/11 14:23:07 [error] [exception.CHttpException.404] exception 'CHttpException' with message 'The system is unable to find the requested action "images".' in C:\xampp\htdocs\javapointcafe\framework\web\CController.php:483
Stack trace:
#0 C:\xampp\htdocs\javapointcafe\framework\web\CController.php(270): CController->missingAction('images')
#1 C:\xampp\htdocs\javapointcafe\framework\web\CWebApplication.php(282): CController->run('images')
#2 C:\xampp\htdocs\javapointcafe\framework\web\CWebApplication.php(141): CWebApplication->runController('site/images/s1....')
#3 C:\xampp\htdocs\javapointcafe\framework\base\CApplication.php(184): CWebApplication->processRequest()
#4 C:\xampp\htdocs\javapointcafe\index.php(13): CApplication->run()
#5 {main}
REQUEST_URI=/javapointcafe/index.php/site/images/s1.jpg
HTTP_REFERER=http://localhost/javapointcafe/index.php/site/index
---
2015/04/11 14:23:07 [error] [exception.CHttpException.404] exception 'CHttpException' with message 'The system is unable to find the requested action "images".' in C:\xampp\htdocs\javapointcafe\framework\web\CController.php:483
Stack trace:
#0 C:\xampp\htdocs\javapointcafe\framework\web\CController.php(270): CController->missingAction('images')
#1 C:\xampp\htdocs\javapointcafe\framework\web\CWebApplication.php(282): CController->run('images')
#2 C:\xampp\htdocs\javapointcafe\framework\web\CWebApplication.php(141): CWebApplication->runController('site/images/s3....')
#3 C:\xampp\htdocs\javapointcafe\framework\base\CApplication.php(184): CWebApplication->processRequest()
#4 C:\xampp\htdocs\javapointcafe\index.php(13): CApplication->run()
#5 {main}
REQUEST_URI=/javapointcafe/index.php/site/images/s3.jpg
HTTP_REFERER=http://localhost/javapointcafe/index.php/site/index
---
2015/04/11 14:23:07 [error] [exception.CHttpException.404] exception 'CHttpException' with message 'The system is unable to find the requested action "images".' in C:\xampp\htdocs\javapointcafe\framework\web\CController.php:483
Stack trace:
#0 C:\xampp\htdocs\javapointcafe\framework\web\CController.php(270): CController->missingAction('images')
#1 C:\xampp\htdocs\javapointcafe\framework\web\CWebApplication.php(282): CController->run('images')
#2 C:\xampp\htdocs\javapointcafe\framework\web\CWebApplication.php(141): CWebApplication->runController('site/images/s2....')
#3 C:\xampp\htdocs\javapointcafe\framework\base\CApplication.php(184): CWebApplication->processRequest()
#4 C:\xampp\htdocs\javapointcafe\index.php(13): CApplication->run()
#5 {main}
REQUEST_URI=/javapointcafe/index.php/site/images/s2.jpg
HTTP_REFERER=http://localhost/javapointcafe/index.php/site/index
---
2015/04/11 14:23:09 [error] [exception.CHttpException.404] exception 'CHttpException' with message 'The system is unable to find the requested action "css".' in C:\xampp\htdocs\javapointcafe\framework\web\CController.php:483
Stack trace:
#0 C:\xampp\htdocs\javapointcafe\framework\web\CController.php(270): CController->missingAction('css')
#1 C:\xampp\htdocs\javapointcafe\framework\web\CWebApplication.php(282): CController->run('css')
#2 C:\xampp\htdocs\javapointcafe\framework\web\CWebApplication.php(141): CWebApplication->runController('site/css/jquery...')
#3 C:\xampp\htdocs\javapointcafe\framework\base\CApplication.php(184): CWebApplication->processRequest()
#4 C:\xampp\htdocs\javapointcafe\index.php(13): CApplication->run()
#5 {main}
REQUEST_URI=/javapointcafe/index.php/site/css/jquery.bxslider.css
HTTP_REFERER=http://localhost/javapointcafe/index.php/site/index
---
2015/04/11 14:23:09 [error] [exception.CHttpException.404] exception 'CHttpException' with message 'The system is unable to find the requested action "js".' in C:\xampp\htdocs\javapointcafe\framework\web\CController.php:483
Stack trace:
#0 C:\xampp\htdocs\javapointcafe\framework\web\CController.php(270): CController->missingAction('js')
#1 C:\xampp\htdocs\javapointcafe\framework\web\CWebApplication.php(282): CController->run('js')
#2 C:\xampp\htdocs\javapointcafe\framework\web\CWebApplication.php(141): CWebApplication->runController('site/js/jquery....')
#3 C:\xampp\htdocs\javapointcafe\framework\base\CApplication.php(184): CWebApplication->processRequest()
#4 C:\xampp\htdocs\javapointcafe\index.php(13): CApplication->run()
#5 {main}
REQUEST_URI=/javapointcafe/index.php/site/js/jquery.bxslider.min.js
HTTP_REFERER=http://localhost/javapointcafe/index.php/site/index
---
2015/04/11 14:23:09 [error] [exception.CHttpException.404] exception 'CHttpException' with message 'The system is unable to find the requested action "images".' in C:\xampp\htdocs\javapointcafe\framework\web\CController.php:483
Stack trace:
#0 C:\xampp\htdocs\javapointcafe\framework\web\CController.php(270): CController->missingAction('images')
#1 C:\xampp\htdocs\javapointcafe\framework\web\CWebApplication.php(282): CController->run('images')
#2 C:\xampp\htdocs\javapointcafe\framework\web\CWebApplication.php(141): CWebApplication->runController('site/images/s1....')
#3 C:\xampp\htdocs\javapointcafe\framework\base\CApplication.php(184): CWebApplication->processRequest()
#4 C:\xampp\htdocs\javapointcafe\index.php(13): CApplication->run()
#5 {main}
REQUEST_URI=/javapointcafe/index.php/site/images/s1.jpg
HTTP_REFERER=http://localhost/javapointcafe/index.php/site/index
---
2015/04/11 14:23:09 [error] [exception.CHttpException.404] exception 'CHttpException' with message 'The system is unable to find the requested action "images".' in C:\xampp\htdocs\javapointcafe\framework\web\CController.php:483
Stack trace:
#0 C:\xampp\htdocs\javapointcafe\framework\web\CController.php(270): CController->missingAction('images')
#1 C:\xampp\htdocs\javapointcafe\framework\web\CWebApplication.php(282): CController->run('images')
#2 C:\xampp\htdocs\javapointcafe\framework\web\CWebApplication.php(141): CWebApplication->runController('site/images/s2....')
#3 C:\xampp\htdocs\javapointcafe\framework\base\CApplication.php(184): CWebApplication->processRequest()
#4 C:\xampp\htdocs\javapointcafe\index.php(13): CApplication->run()
#5 {main}
REQUEST_URI=/javapointcafe/index.php/site/images/s2.jpg
HTTP_REFERER=http://localhost/javapointcafe/index.php/site/index
---
2015/04/11 14:23:09 [error] [exception.CHttpException.404] exception 'CHttpException' with message 'The system is unable to find the requested action "images".' in C:\xampp\htdocs\javapointcafe\framework\web\CController.php:483
Stack trace:
#0 C:\xampp\htdocs\javapointcafe\framework\web\CController.php(270): CController->missingAction('images')
#1 C:\xampp\htdocs\javapointcafe\framework\web\CWebApplication.php(282): CController->run('images')
#2 C:\xampp\htdocs\javapointcafe\framework\web\CWebApplication.php(141): CWebApplication->runController('site/images/s3....')
#3 C:\xampp\htdocs\javapointcafe\framework\base\CApplication.php(184): CWebApplication->processRequest()
#4 C:\xampp\htdocs\javapointcafe\index.php(13): CApplication->run()
#5 {main}
REQUEST_URI=/javapointcafe/index.php/site/images/s3.jpg
HTTP_REFERER=http://localhost/javapointcafe/index.php/site/index
---
2015/04/11 14:33:58 [error] [exception.CHttpException.404] exception 'CHttpException' with message 'The system is unable to find the requested action "checkout.html".' in C:\xampp\htdocs\javapointcafe\framework\web\CController.php:483
Stack trace:
#0 C:\xampp\htdocs\javapointcafe\framework\web\CController.php(270): CController->missingAction('checkout.html')
#1 C:\xampp\htdocs\javapointcafe\framework\web\CWebApplication.php(282): CController->run('checkout.html')
#2 C:\xampp\htdocs\javapointcafe\framework\web\CWebApplication.php(141): CWebApplication->runController('site/checkout.h...')
#3 C:\xampp\htdocs\javapointcafe\framework\base\CApplication.php(184): CWebApplication->processRequest()
#4 C:\xampp\htdocs\javapointcafe\index.php(13): CApplication->run()
#5 {main}
REQUEST_URI=/javapointcafe/index.php/site/checkout.html
HTTP_REFERER=http://localhost/javapointcafe/index.php/site/index
---
2015/04/11 14:34:34 [error] [exception.CHttpException.404] exception 'CHttpException' with message 'The system is unable to find the requested action "checkout.html".' in C:\xampp\htdocs\javapointcafe\framework\web\CController.php:483
Stack trace:
#0 C:\xampp\htdocs\javapointcafe\framework\web\CController.php(270): CController->missingAction('checkout.html')
#1 C:\xampp\htdocs\javapointcafe\framework\web\CWebApplication.php(282): CController->run('checkout.html')
#2 C:\xampp\htdocs\javapointcafe\framework\web\CWebApplication.php(141): CWebApplication->runController('site/checkout.h...')
#3 C:\xampp\htdocs\javapointcafe\framework\base\CApplication.php(184): CWebApplication->processRequest()
#4 C:\xampp\htdocs\javapointcafe\index.php(13): CApplication->run()
#5 {main}
REQUEST_URI=/javapointcafe/index.php/site/checkout.html
HTTP_REFERER=http://localhost/javapointcafe/index.php/site/checkout.html
---
2015/04/11 14:41:04 [error] [exception.CHttpException.404] exception 'CHttpException' with message 'The system is unable to find the requested action "checkout.html".' in C:\xampp\htdocs\javapointcafe\framework\web\CController.php:483
Stack trace:
#0 C:\xampp\htdocs\javapointcafe\framework\web\CController.php(270): CController->missingAction('checkout.html')
#1 C:\xampp\htdocs\javapointcafe\framework\web\CWebApplication.php(282): CController->run('checkout.html')
#2 C:\xampp\htdocs\javapointcafe\framework\web\CWebApplication.php(141): CWebApplication->runController('site/checkout.h...')
#3 C:\xampp\htdocs\javapointcafe\framework\base\CApplication.php(184): CWebApplication->processRequest()
#4 C:\xampp\htdocs\javapointcafe\index.php(13): CApplication->run()
#5 {main}
REQUEST_URI=/javapointcafe/index.php/site/checkout.html
HTTP_REFERER=http://localhost/javapointcafe/index.php/site/checkout.html
---
2015/04/11 14:47:45 [error] [exception.CHttpException.404] exception 'CHttpException' with message 'The system is unable to find the requested action "checkout.html".' in C:\xampp\htdocs\javapointcafe\framework\web\CController.php:483
Stack trace:
#0 C:\xampp\htdocs\javapointcafe\framework\web\CController.php(270): CController->missingAction('checkout.html')
#1 C:\xampp\htdocs\javapointcafe\framework\web\CWebApplication.php(282): CController->run('checkout.html')
#2 C:\xampp\htdocs\javapointcafe\framework\web\CWebApplication.php(141): CWebApplication->runController('site/checkout.h...')
#3 C:\xampp\htdocs\javapointcafe\framework\base\CApplication.php(184): CWebApplication->processRequest()
#4 C:\xampp\htdocs\javapointcafe\index.php(13): CApplication->run()
#5 {main}
REQUEST_URI=/javapointcafe/index.php/site/checkout.html
HTTP_REFERER=http://localhost/javapointcafe/index.php/site/checkout.html
---
2015/04/11 15:01:56 [error] [exception.CHttpException.404] exception 'CHttpException' with message 'Unable to resolve the request "location".' in C:\xampp\htdocs\javapointcafe\framework\web\CWebApplication.php:286
Stack trace:
#0 C:\xampp\htdocs\javapointcafe\framework\web\CWebApplication.php(141): CWebApplication->runController('location')
#1 C:\xampp\htdocs\javapointcafe\framework\base\CApplication.php(184): CWebApplication->processRequest()
#2 C:\xampp\htdocs\javapointcafe\index.php(13): CApplication->run()
#3 {main}
REQUEST_URI=/javapointcafe/index.php/location
---
2015/04/11 15:02:17 [error] [exception.CHttpException.404] exception 'CHttpException' with message 'Unable to resolve the request "location".' in C:\xampp\htdocs\javapointcafe\framework\web\CWebApplication.php:286
Stack trace:
#0 C:\xampp\htdocs\javapointcafe\framework\web\CWebApplication.php(141): CWebApplication->runController('location')
#1 C:\xampp\htdocs\javapointcafe\framework\base\CApplication.php(184): CWebApplication->processRequest()
#2 C:\xampp\htdocs\javapointcafe\index.php(13): CApplication->run()
#3 {main}
REQUEST_URI=/javapointcafe/index.php/location
---
2015/04/14 18:01:58 [error] [exception.CHttpException.404] exception 'CHttpException' with message 'Unable to resolve the request "checkout.html".' in C:\xampp\htdocs\javapointcafe\framework\web\CWebApplication.php:286
Stack trace:
#0 C:\xampp\htdocs\javapointcafe\framework\web\CWebApplication.php(141): CWebApplication->runController('checkout.html')
#1 C:\xampp\htdocs\javapointcafe\framework\base\CApplication.php(184): CWebApplication->processRequest()
#2 C:\xampp\htdocs\javapointcafe\index.php(13): CApplication->run()
#3 {main}
REQUEST_URI=/javapointcafe/index.php/checkout.html
HTTP_REFERER=http://localhost/javapointcafe/index.php/
---
2015/04/14 18:08:17 [error] [exception.CHttpException.404] exception 'CHttpException' with message 'Unable to resolve the request "checkout.html".' in C:\xampp\htdocs\javapointcafe\framework\web\CWebApplication.php:286
Stack trace:
#0 C:\xampp\htdocs\javapointcafe\framework\web\CWebApplication.php(141): CWebApplication->runController('checkout.html')
#1 C:\xampp\htdocs\javapointcafe\framework\base\CApplication.php(184): CWebApplication->processRequest()
#2 C:\xampp\htdocs\javapointcafe\index.php(13): CApplication->run()
#3 {main}
REQUEST_URI=/javapointcafe/index.php/checkout.html
HTTP_REFERER=http://localhost/javapointcafe/index.php/
---
2015/04/14 18:17:40 [error] [exception.CException] exception 'CException' with message 'SiteController cannot find the requested view "story".' in C:\xampp\htdocs\javapointcafe\framework\web\CController.php:878
Stack trace:
#0 C:\xampp\htdocs\javapointcafe\framework\web\CController.php(782): CController->renderPartial('story', NULL, true)
#1 C:\xampp\htdocs\javapointcafe\protected\controllers\SiteController.php(42): CController->render('story')
#2 C:\xampp\htdocs\javapointcafe\framework\web\actions\CInlineAction.php(49): SiteController->actionStory()
#3 C:\xampp\htdocs\javapointcafe\framework\web\CController.php(308): CInlineAction->runWithParams(Array)
#4 C:\xampp\htdocs\javapointcafe\framework\web\CController.php(286): CController->runAction(Object(CInlineAction))
#5 C:\xampp\htdocs\javapointcafe\framework\web\CController.php(265): CController->runActionWithFilters(Object(CInlineAction), Array)
#6 C:\xampp\htdocs\javapointcafe\framework\web\CWebApplication.php(282): CController->run('story')
#7 C:\xampp\htdocs\javapointcafe\framework\web\CWebApplication.php(141): CWebApplication->runController('site/story')
#8 C:\xampp\htdocs\javapointcafe\framework\base\CApplication.php(184): CWebApplication->processRequest()
#9 C:\xampp\htdocs\javapointcafe\index.php(13): CApplication->run()
#10 {main}
REQUEST_URI=/javapointcafe/index.php/site/story
HTTP_REFERER=http://localhost/javapointcafe/index.php/site/index
---
2015/04/14 18:50:12 [error] [exception.CHttpException.404] exception 'CHttpException' with message 'The system is unable to find the requested action "story".' in C:\xampp\htdocs\javapointcafe\framework\web\CController.php:483
Stack trace:
#0 C:\xampp\htdocs\javapointcafe\framework\web\CController.php(270): CController->missingAction('story')
#1 C:\xampp\htdocs\javapointcafe\framework\web\CWebApplication.php(282): CController->run('story')
#2 C:\xampp\htdocs\javapointcafe\framework\web\CWebApplication.php(141): CWebApplication->runController('site/story')
#3 C:\xampp\htdocs\javapointcafe\framework\base\CApplication.php(184): CWebApplication->processRequest()
#4 C:\xampp\htdocs\javapointcafe\index.php(13): CApplication->run()
#5 {main}
REQUEST_URI=/javapointcafe/index.php/site/story
---
2015/04/15 13:40:49 [error] [exception.CHttpException.404] exception 'CHttpException' with message 'The system is unable to find the requested action "checkout.html".' in C:\xampp\htdocs\javapointcafe\framework\web\CController.php:483
Stack trace:
#0 C:\xampp\htdocs\javapointcafe\framework\web\CController.php(270): CController->missingAction('checkout.html')
#1 C:\xampp\htdocs\javapointcafe\framework\web\CWebApplication.php(282): CController->run('checkout.html')
#2 C:\xampp\htdocs\javapointcafe\framework\web\CWebApplication.php(141): CWebApplication->runController('site/checkout.h...')
#3 C:\xampp\htdocs\javapointcafe\framework\base\CApplication.php(184): CWebApplication->processRequest()
#4 C:\xampp\htdocs\javapointcafe\index.php(13): CApplication->run()
#5 {main}
REQUEST_URI=/javapointcafe/index.php/site/checkout.html
HTTP_REFERER=http://localhost/javapointcafe/index.php/site/
---
