2015/05/05 19:46:47 [error] [exception.CException] exception 'CException' with message 'You need to setup Yii-bootstrap extension first.' in C:\xampp\htdocs\javapointcafe\protected\extensions\x-editable\Editable.php:545
Stack trace:
#0 C:\xampp\htdocs\javapointcafe\protected\extensions\x-editable\Editable.php(623): Editable->registerAssets()
#1 C:\xampp\htdocs\javapointcafe\framework\web\CBaseController.php(181): Editable->run()
#2 C:\xampp\htdocs\javapointcafe\protected\extensions\x-editable\EditableColumn.php(98): CBaseController->widget('EditableField', Array)
#3 C:\xampp\htdocs\javapointcafe\framework\zii\widgets\grid\CGridColumn.php(154): EditableColumn->renderDataCellContent(0, Object(Order))
#4 C:\xampp\htdocs\javapointcafe\framework\zii\widgets\grid\CGridView.php(638): CGridColumn->renderDataCell(0)
#5 C:\xampp\htdocs\javapointcafe\framework\zii\widgets\grid\CGridView.php(622): CGridView->renderDataCell(Object(EditableColumn), 0)
#6 C:\xampp\htdocs\javapointcafe\framework\zii\widgets\grid\CGridView.php(578): CGridView->renderTableRow(0)
#7 C:\xampp\htdocs\javapointcafe\framework\zii\widgets\grid\CGridView.php(488): CGridView->renderTableBody()
#8 C:\xampp\htdocs\javapointcafe\framework\zii\widgets\CBaseListView.php(181): CGridView->renderItems()
#9 [internal function]: CBaseListView->renderSection(Array)
#10 C:\xampp\htdocs\javapointcafe\framework\zii\widgets\CBaseListView.php(164): preg_replace_callback('/{(\\w+)}/', Array, '{summary}\n{item...')
#11 C:\xampp\htdocs\javapointcafe\framework\zii\widgets\CBaseListView.php(149): CBaseListView->renderContent()
#12 C:\xampp\htdocs\javapointcafe\framework\web\CBaseController.php(181): CBaseListView->run()
#13 C:\xampp\htdocs\javapointcafe\protected\views\management\order\vieworder.php(67): CBaseController->widget('zii.widgets.gri...', Array)
#14 C:\xampp\htdocs\javapointcafe\framework\web\CBaseController.php(126): require('C:\\xampp\\htdocs...')
#15 C:\xampp\htdocs\javapointcafe\framework\web\CBaseController.php(95): CBaseController->renderInternal('C:\\xampp\\htdocs...', Array, true)
#16 C:\xampp\htdocs\javapointcafe\framework\web\CController.php(869): CBaseController->renderFile('C:\\xampp\\htdocs...', Array, true)
#17 C:\xampp\htdocs\javapointcafe\framework\web\CController.php(782): CController->renderPartial('order/vieworder', Array, true)
#18 C:\xampp\htdocs\javapointcafe\protected\controllers\ManagementController.php(49): CController->render('order/vieworder', Array)
#19 [internal function]: ManagementController->actionVieworder('1')
#20 C:\xampp\htdocs\javapointcafe\framework\web\actions\CAction.php(109): ReflectionMethod->invokeArgs(Object(ManagementController), Array)
#21 C:\xampp\htdocs\javapointcafe\framework\web\actions\CInlineAction.php(47): CAction->runWithParamsInternal(Object(ManagementController), Object(ReflectionMethod), Array)
#22 C:\xampp\htdocs\javapointcafe\framework\web\CController.php(308): CInlineAction->runWithParams(Array)
#23 C:\xampp\htdocs\javapointcafe\framework\web\CController.php(286): CController->runAction(Object(CInlineAction))
#24 C:\xampp\htdocs\javapointcafe\framework\web\CController.php(265): CController->runActionWithFilters(Object(CInlineAction), Array)
#25 C:\xampp\htdocs\javapointcafe\framework\web\CWebApplication.php(282): CController->run('vieworder')
#26 C:\xampp\htdocs\javapointcafe\framework\web\CWebApplication.php(141): CWebApplication->runController('management/view...')
#27 C:\xampp\htdocs\javapointcafe\framework\base\CApplication.php(184): CWebApplication->processRequest()
#28 C:\xampp\htdocs\javapointcafe\index.php(13): CApplication->run()
#29 {main}
REQUEST_URI=/javapointcafe/index.php/management/vieworder/1
HTTP_REFERER=http://localhost/javapointcafe/index.php/management/order
---
2015/05/05 19:57:59 [error] [exception.CException] exception 'CException' with message 'Property "Order.id" is not defined.' in C:\xampp\htdocs\javapointcafe\framework\base\CComponent.php:130
Stack trace:
#0 C:\xampp\htdocs\javapointcafe\framework\db\ar\CActiveRecord.php(145): CComponent->__get('id')
#1 C:\xampp\htdocs\javapointcafe\framework\base\CComponent.php(612) : eval()'d code(1): CActiveRecord->__get('id')
#2 C:\xampp\htdocs\javapointcafe\framework\base\CComponent.php(612): eval()
#3 C:\xampp\htdocs\javapointcafe\framework\zii\widgets\grid\CButtonColumn.php(342): CComponent->evaluateExpression('Yii::app()->cre...', Array)
#4 C:\xampp\htdocs\javapointcafe\framework\zii\widgets\grid\CButtonColumn.php(321): CButtonColumn->renderButton('delete', Array, 0, Object(Order))
#5 C:\xampp\htdocs\javapointcafe\framework\zii\widgets\grid\CGridColumn.php(231): CButtonColumn->getDataCellContent(0)
#6 C:\xampp\htdocs\javapointcafe\framework\zii\widgets\grid\CGridColumn.php(154): CGridColumn->renderDataCellContent(0, Object(Order))
#7 C:\xampp\htdocs\javapointcafe\framework\zii\widgets\grid\CGridView.php(638): CGridColumn->renderDataCell(0)
#8 C:\xampp\htdocs\javapointcafe\framework\zii\widgets\grid\CGridView.php(622): CGridView->renderDataCell(Object(CButtonColumn), 0)
#9 C:\xampp\htdocs\javapointcafe\framework\zii\widgets\grid\CGridView.php(578): CGridView->renderTableRow(0)
#10 C:\xampp\htdocs\javapointcafe\framework\zii\widgets\grid\CGridView.php(488): CGridView->renderTableBody()
#11 C:\xampp\htdocs\javapointcafe\framework\zii\widgets\CBaseListView.php(181): CGridView->renderItems()
#12 [internal function]: CBaseListView->renderSection(Array)
#13 C:\xampp\htdocs\javapointcafe\framework\zii\widgets\CBaseListView.php(164): preg_replace_callback('/{(\\w+)}/', Array, '{summary}\n{item...')
#14 C:\xampp\htdocs\javapointcafe\framework\zii\widgets\CBaseListView.php(149): CBaseListView->renderContent()
#15 C:\xampp\htdocs\javapointcafe\framework\web\CBaseController.php(181): CBaseListView->run()
#16 C:\xampp\htdocs\javapointcafe\protected\views\management\order\vieworder.php(68): CBaseController->widget('zii.widgets.gri...', Array)
#17 C:\xampp\htdocs\javapointcafe\framework\web\CBaseController.php(126): require('C:\\xampp\\htdocs...')
#18 C:\xampp\htdocs\javapointcafe\framework\web\CBaseController.php(95): CBaseController->renderInternal('C:\\xampp\\htdocs...', Array, true)
#19 C:\xampp\htdocs\javapointcafe\framework\web\CController.php(869): CBaseController->renderFile('C:\\xampp\\htdocs...', Array, true)
#20 C:\xampp\htdocs\javapointcafe\framework\web\CController.php(782): CController->renderPartial('order/vieworder', Array, true)
#21 C:\xampp\htdocs\javapointcafe\protected\controllers\ManagementController.php(49): CController->render('order/vieworder', Array)
#22 [internal function]: ManagementController->actionVieworder('1')
#23 C:\xampp\htdocs\javapointcafe\framework\web\actions\CAction.php(109): ReflectionMethod->invokeArgs(Object(ManagementController), Array)
#24 C:\xampp\htdocs\javapointcafe\framework\web\actions\CInlineAction.php(47): CAction->runWithParamsInternal(Object(ManagementController), Object(ReflectionMethod), Array)
#25 C:\xampp\htdocs\javapointcafe\framework\web\CController.php(308): CInlineAction->runWithParams(Array)
#26 C:\xampp\htdocs\javapointcafe\framework\web\CController.php(286): CController->runAction(Object(CInlineAction))
#27 C:\xampp\htdocs\javapointcafe\framework\web\CController.php(265): CController->runActionWithFilters(Object(CInlineAction), Array)
#28 C:\xampp\htdocs\javapointcafe\framework\web\CWebApplication.php(282): CController->run('vieworder')
#29 C:\xampp\htdocs\javapointcafe\framework\web\CWebApplication.php(141): CWebApplication->runController('management/view...')
#30 C:\xampp\htdocs\javapointcafe\framework\base\CApplication.php(184): CWebApplication->processRequest()
#31 C:\xampp\htdocs\javapointcafe\index.php(13): CApplication->run()
#32 {main}
REQUEST_URI=/javapointcafe/index.php/management/vieworder/1
HTTP_REFERER=http://localhost/javapointcafe/index.php/management/order
---
2015/05/05 20:04:16 [error] [exception.CHttpException.404] exception 'CHttpException' with message 'The system is unable to find the requested action "deleteitem".' in C:\xampp\htdocs\javapointcafe\framework\web\CController.php:483
Stack trace:
#0 C:\xampp\htdocs\javapointcafe\framework\web\CController.php(270): CController->missingAction('deleteitem')
#1 C:\xampp\htdocs\javapointcafe\framework\web\CWebApplication.php(282): CController->run('deleteitem')
#2 C:\xampp\htdocs\javapointcafe\framework\web\CWebApplication.php(141): CWebApplication->runController('management/dele...')
#3 C:\xampp\htdocs\javapointcafe\framework\base\CApplication.php(184): CWebApplication->processRequest()
#4 C:\xampp\htdocs\javapointcafe\index.php(13): CApplication->run()
#5 {main}
REQUEST_URI=/javapointcafe/index.php/management/deleteitem/3
HTTP_REFERER=http://localhost/javapointcafe/index.php/management/vieworder/1
---
2015/05/05 20:04:36 [error] [exception.CHttpException.404] exception 'CHttpException' with message 'The system is unable to find the requested action "edititem".' in C:\xampp\htdocs\javapointcafe\framework\web\CController.php:483
Stack trace:
#0 C:\xampp\htdocs\javapointcafe\framework\web\CController.php(270): CController->missingAction('edititem')
#1 C:\xampp\htdocs\javapointcafe\framework\web\CWebApplication.php(282): CController->run('edititem')
#2 C:\xampp\htdocs\javapointcafe\framework\web\CWebApplication.php(141): CWebApplication->runController('management/edit...')
#3 C:\xampp\htdocs\javapointcafe\framework\base\CApplication.php(184): CWebApplication->processRequest()
#4 C:\xampp\htdocs\javapointcafe\index.php(13): CApplication->run()
#5 {main}
REQUEST_URI=/javapointcafe/index.php/management/edititem/3
HTTP_REFERER=http://localhost/javapointcafe/index.php/management/vieworder/1
---
2015/05/05 20:04:43 [error] [exception.CHttpException.400] exception 'CHttpException' with message 'Your request is invalid.' in C:\xampp\htdocs\javapointcafe\framework\web\CController.php:336
Stack trace:
#0 C:\xampp\htdocs\javapointcafe\framework\web\CController.php(309): CController->invalidActionParams(Object(CInlineAction))
#1 C:\xampp\htdocs\javapointcafe\framework\web\CController.php(286): CController->runAction(Object(CInlineAction))
#2 C:\xampp\htdocs\javapointcafe\framework\web\CController.php(265): CController->runActionWithFilters(Object(CInlineAction), Array)
#3 C:\xampp\htdocs\javapointcafe\framework\web\CWebApplication.php(282): CController->run('vieworder')
#4 C:\xampp\htdocs\javapointcafe\framework\web\CWebApplication.php(141): CWebApplication->runController('management/view...')
#5 C:\xampp\htdocs\javapointcafe\framework\base\CApplication.php(184): CWebApplication->processRequest()
#6 C:\xampp\htdocs\javapointcafe\index.php(13): CApplication->run()
#7 {main}
REQUEST_URI=/javapointcafe/index.php/management/vieworder
HTTP_REFERER=http://localhost/javapointcafe/index.php/management/vieworder/1
---
2015/05/05 20:13:02 [error] [exception.CHttpException.400] exception 'CHttpException' with message 'Your request is invalid.' in C:\xampp\htdocs\javapointcafe\framework\web\CController.php:336
Stack trace:
#0 C:\xampp\htdocs\javapointcafe\framework\web\CController.php(309): CController->invalidActionParams(Object(CInlineAction))
#1 C:\xampp\htdocs\javapointcafe\framework\web\CController.php(286): CController->runAction(Object(CInlineAction))
#2 C:\xampp\htdocs\javapointcafe\framework\web\CController.php(265): CController->runActionWithFilters(Object(CInlineAction), Array)
#3 C:\xampp\htdocs\javapointcafe\framework\web\CWebApplication.php(282): CController->run('deleteitem')
#4 C:\xampp\htdocs\javapointcafe\framework\web\CWebApplication.php(141): CWebApplication->runController('management/dele...')
#5 C:\xampp\htdocs\javapointcafe\framework\base\CApplication.php(184): CWebApplication->processRequest()
#6 C:\xampp\htdocs\javapointcafe\index.php(13): CApplication->run()
#7 {main}
REQUEST_URI=/javapointcafe/index.php/management/deleteitem/order/vieworder
HTTP_REFERER=http://localhost/javapointcafe/index.php/management/vieworder/1
---
2015/05/05 20:14:47 [error] [php] urlencode() expects parameter 1 to be string, object given (C:\xampp\htdocs\javapointcafe\framework\web\CUrlManager.php:440)
Stack trace:
#0 C:\xampp\htdocs\javapointcafe\framework\web\CUrlManager.php(786): CUrlManager->createPathInfo()
#1 C:\xampp\htdocs\javapointcafe\framework\web\CUrlManager.php(302): CUrlRule->createUrl()
#2 C:\xampp\htdocs\javapointcafe\framework\base\CApplication.php(551): CUrlManager->createUrl()
#3 C:\xampp\htdocs\javapointcafe\framework\web\CController.php(967): CWebApplication->createUrl()
#4 C:\xampp\htdocs\javapointcafe\framework\web\CController.php(1028): ManagementController->createUrl()
#5 C:\xampp\htdocs\javapointcafe\protected\controllers\ManagementController.php(66): ManagementController->redirect()
#6 unknown(0): ManagementController->actionDeleteitem()
#7 C:\xampp\htdocs\javapointcafe\framework\web\actions\CAction.php(109): ReflectionMethod->invokeArgs()
#8 C:\xampp\htdocs\javapointcafe\framework\web\actions\CInlineAction.php(47): CInlineAction->runWithParamsInternal()
#9 C:\xampp\htdocs\javapointcafe\framework\web\CController.php(308): CInlineAction->runWithParams()
#10 C:\xampp\htdocs\javapointcafe\framework\web\CController.php(286): ManagementController->runAction()
#11 C:\xampp\htdocs\javapointcafe\framework\web\CController.php(265): ManagementController->runActionWithFilters()
#12 C:\xampp\htdocs\javapointcafe\framework\web\CWebApplication.php(282): ManagementController->run()
#13 C:\xampp\htdocs\javapointcafe\framework\web\CWebApplication.php(141): CWebApplication->runController()
#14 C:\xampp\htdocs\javapointcafe\framework\base\CApplication.php(184): CWebApplication->processRequest()
#15 C:\xampp\htdocs\javapointcafe\index.php(13): CWebApplication->run()
REQUEST_URI=/javapointcafe/index.php/management/deleteitem/9
in C:\xampp\htdocs\javapointcafe\protected\controllers\ManagementController.php (66)
in C:\xampp\htdocs\javapointcafe\index.php (13)
2015/05/05 20:16:41 [error] [exception.CHttpException.404] exception 'CHttpException' with message 'Unable to resolve the request "order/vieworder".' in C:\xampp\htdocs\javapointcafe\framework\web\CWebApplication.php:286
Stack trace:
#0 C:\xampp\htdocs\javapointcafe\framework\web\CWebApplication.php(141): CWebApplication->runController('order/vieworder')
#1 C:\xampp\htdocs\javapointcafe\framework\base\CApplication.php(184): CWebApplication->processRequest()
#2 C:\xampp\htdocs\javapointcafe\index.php(13): CApplication->run()
#3 {main}
REQUEST_URI=/javapointcafe/index.php/order/vieworder/1
HTTP_REFERER=http://localhost/javapointcafe/index.php/management/vieworder/1
---
2015/05/05 20:22:07 [error] [exception.CHttpException.404] exception 'CHttpException' with message 'The system is unable to find the requested action "edititem".' in C:\xampp\htdocs\javapointcafe\framework\web\CController.php:483
Stack trace:
#0 C:\xampp\htdocs\javapointcafe\framework\web\CController.php(270): CController->missingAction('edititem')
#1 C:\xampp\htdocs\javapointcafe\framework\web\CWebApplication.php(282): CController->run('edititem')
#2 C:\xampp\htdocs\javapointcafe\framework\web\CWebApplication.php(141): CWebApplication->runController('management/edit...')
#3 C:\xampp\htdocs\javapointcafe\framework\base\CApplication.php(184): CWebApplication->processRequest()
#4 C:\xampp\htdocs\javapointcafe\index.php(13): CApplication->run()
#5 {main}
REQUEST_URI=/javapointcafe/index.php/management/edititem/1
HTTP_REFERER=http://localhost/javapointcafe/index.php/management/vieworder/1
---
2015/05/05 20:22:48 [error] [php] Undefined variable: form (C:\xampp\htdocs\javapointcafe\protected\views\management\order\edititem.php:42)
Stack trace:
#0 C:\xampp\htdocs\javapointcafe\framework\web\CController.php(869): ManagementController->renderFile()
#1 C:\xampp\htdocs\javapointcafe\framework\web\CController.php(782): ManagementController->renderPartial()
#2 C:\xampp\htdocs\javapointcafe\protected\controllers\ManagementController.php(60): ManagementController->render()
#3 unknown(0): ManagementController->actionEdititem()
#4 C:\xampp\htdocs\javapointcafe\framework\web\actions\CAction.php(109): ReflectionMethod->invokeArgs()
#5 C:\xampp\htdocs\javapointcafe\framework\web\actions\CInlineAction.php(47): CInlineAction->runWithParamsInternal()
#6 C:\xampp\htdocs\javapointcafe\framework\web\CController.php(308): CInlineAction->runWithParams()
#7 C:\xampp\htdocs\javapointcafe\framework\web\CController.php(286): ManagementController->runAction()
#8 C:\xampp\htdocs\javapointcafe\framework\web\CController.php(265): ManagementController->runActionWithFilters()
#9 C:\xampp\htdocs\javapointcafe\framework\web\CWebApplication.php(282): ManagementController->run()
#10 C:\xampp\htdocs\javapointcafe\framework\web\CWebApplication.php(141): CWebApplication->runController()
#11 C:\xampp\htdocs\javapointcafe\framework\base\CApplication.php(184): CWebApplication->processRequest()
#12 C:\xampp\htdocs\javapointcafe\index.php(13): CWebApplication->run()
REQUEST_URI=/javapointcafe/index.php/management/edititem/2
in C:\xampp\htdocs\javapointcafe\protected\views\management\order\edititem.php (42)
in C:\xampp\htdocs\javapointcafe\protected\controllers\ManagementController.php (60)
in C:\xampp\htdocs\javapointcafe\index.php (13)
2015/05/05 21:56:09 [error] [php] Array to string conversion (C:\xampp\htdocs\javapointcafe\protected\controllers\ManagementController.php:60)
Stack trace:
#0 C:\xampp\htdocs\javapointcafe\framework\web\actions\CInlineAction.php(47): CInlineAction->runWithParamsInternal()
#1 C:\xampp\htdocs\javapointcafe\framework\web\CController.php(308): CInlineAction->runWithParams()
#2 C:\xampp\htdocs\javapointcafe\framework\web\CController.php(286): ManagementController->runAction()
#3 C:\xampp\htdocs\javapointcafe\framework\web\CController.php(265): ManagementController->runActionWithFilters()
#4 C:\xampp\htdocs\javapointcafe\framework\web\CWebApplication.php(282): ManagementController->run()
#5 C:\xampp\htdocs\javapointcafe\framework\web\CWebApplication.php(141): CWebApplication->runController()
#6 C:\xampp\htdocs\javapointcafe\framework\base\CApplication.php(184): CWebApplication->processRequest()
#7 C:\xampp\htdocs\javapointcafe\index.php(13): CWebApplication->run()
REQUEST_URI=/javapointcafe/index.php/management/completeorder/2
in C:\xampp\htdocs\javapointcafe\protected\controllers\ManagementController.php (60)
in C:\xampp\htdocs\javapointcafe\index.php (13)
2015/05/05 21:56:42 [error] [php] Object of class Customer could not be converted to string (C:\xampp\htdocs\javapointcafe\protected\controllers\ManagementController.php:60)
Stack trace:
#0 C:\xampp\htdocs\javapointcafe\framework\web\actions\CInlineAction.php(47): CInlineAction->runWithParamsInternal()
#1 C:\xampp\htdocs\javapointcafe\framework\web\CController.php(308): CInlineAction->runWithParams()
#2 C:\xampp\htdocs\javapointcafe\framework\web\CController.php(286): ManagementController->runAction()
#3 C:\xampp\htdocs\javapointcafe\framework\web\CController.php(265): ManagementController->runActionWithFilters()
#4 C:\xampp\htdocs\javapointcafe\framework\web\CWebApplication.php(282): ManagementController->run()
#5 C:\xampp\htdocs\javapointcafe\framework\web\CWebApplication.php(141): CWebApplication->runController()
#6 C:\xampp\htdocs\javapointcafe\framework\base\CApplication.php(184): CWebApplication->processRequest()
#7 C:\xampp\htdocs\javapointcafe\index.php(13): CWebApplication->run()
REQUEST_URI=/javapointcafe/index.php/management/completeorder/2
in C:\xampp\htdocs\javapointcafe\protected\controllers\ManagementController.php (60)
in C:\xampp\htdocs\javapointcafe\index.php (13)
2015/05/05 22:17:15 [error] [exception.CException] exception 'CException' with message 'Property "Item.order_id" is not defined.' in C:\xampp\htdocs\javapointcafe\framework\base\CComponent.php:130
Stack trace:
#0 C:\xampp\htdocs\javapointcafe\framework\db\ar\CActiveRecord.php(145): CComponent->__get('order_id')
#1 C:\xampp\htdocs\javapointcafe\framework\base\CComponent.php(612) : eval()'d code(1): CActiveRecord->__get('order_id')
#2 C:\xampp\htdocs\javapointcafe\framework\base\CComponent.php(612): eval()
#3 C:\xampp\htdocs\javapointcafe\framework\zii\widgets\grid\CButtonColumn.php(342): CComponent->evaluateExpression('Yii::app()->cre...', Array)
#4 C:\xampp\htdocs\javapointcafe\framework\zii\widgets\grid\CButtonColumn.php(321): CButtonColumn->renderButton('add', Array, 0, Object(Item))
#5 C:\xampp\htdocs\javapointcafe\framework\zii\widgets\grid\CGridColumn.php(231): CButtonColumn->getDataCellContent(0)
#6 C:\xampp\htdocs\javapointcafe\framework\zii\widgets\grid\CGridColumn.php(154): CGridColumn->renderDataCellContent(0, Object(Item))
#7 C:\xampp\htdocs\javapointcafe\framework\zii\widgets\grid\CGridView.php(638): CGridColumn->renderDataCell(0)
#8 C:\xampp\htdocs\javapointcafe\framework\zii\widgets\grid\CGridView.php(622): CGridView->renderDataCell(Object(CButtonColumn), 0)
#9 C:\xampp\htdocs\javapointcafe\framework\zii\widgets\grid\CGridView.php(578): CGridView->renderTableRow(0)
#10 C:\xampp\htdocs\javapointcafe\framework\zii\widgets\grid\CGridView.php(488): CGridView->renderTableBody()
#11 C:\xampp\htdocs\javapointcafe\framework\zii\widgets\CBaseListView.php(181): CGridView->renderItems()
#12 [internal function]: CBaseListView->renderSection(Array)
#13 C:\xampp\htdocs\javapointcafe\framework\zii\widgets\CBaseListView.php(164): preg_replace_callback('/{(\\w+)}/', Array, '{summary}\n{item...')
#14 C:\xampp\htdocs\javapointcafe\framework\zii\widgets\CBaseListView.php(149): CBaseListView->renderContent()
#15 C:\xampp\htdocs\javapointcafe\framework\web\CBaseController.php(181): CBaseListView->run()
#16 C:\xampp\htdocs\javapointcafe\protected\views\management\order\vieworder.php(135): CBaseController->widget('zii.widgets.gri...', Array)
#17 C:\xampp\htdocs\javapointcafe\framework\web\CBaseController.php(126): require('C:\\xampp\\htdocs...')
#18 C:\xampp\htdocs\javapointcafe\framework\web\CBaseController.php(95): CBaseController->renderInternal('C:\\xampp\\htdocs...', Array, true)
#19 C:\xampp\htdocs\javapointcafe\framework\web\CController.php(869): CBaseController->renderFile('C:\\xampp\\htdocs...', Array, true)
#20 C:\xampp\htdocs\javapointcafe\framework\web\CController.php(782): CController->renderPartial('order/vieworder', Array, true)
#21 C:\xampp\htdocs\javapointcafe\protected\controllers\ManagementController.php(57): CController->render('order/vieworder', Array)
#22 [internal function]: ManagementController->actionVieworder('1')
#23 C:\xampp\htdocs\javapointcafe\framework\web\actions\CAction.php(109): ReflectionMethod->invokeArgs(Object(ManagementController), Array)
#24 C:\xampp\htdocs\javapointcafe\framework\web\actions\CInlineAction.php(47): CAction->runWithParamsInternal(Object(ManagementController), Object(ReflectionMethod), Array)
#25 C:\xampp\htdocs\javapointcafe\framework\web\CController.php(308): CInlineAction->runWithParams(Array)
#26 C:\xampp\htdocs\javapointcafe\framework\web\CController.php(286): CController->runAction(Object(CInlineAction))
#27 C:\xampp\htdocs\javapointcafe\framework\web\CController.php(265): CController->runActionWithFilters(Object(CInlineAction), Array)
#28 C:\xampp\htdocs\javapointcafe\framework\web\CWebApplication.php(282): CController->run('vieworder')
#29 C:\xampp\htdocs\javapointcafe\framework\web\CWebApplication.php(141): CWebApplication->runController('management/view...')
#30 C:\xampp\htdocs\javapointcafe\framework\base\CApplication.php(184): CWebApplication->processRequest()
#31 C:\xampp\htdocs\javapointcafe\index.php(13): CApplication->run()
#32 {main}
REQUEST_URI=/javapointcafe/index.php/management/vieworder/1
HTTP_REFERER=http://localhost/javapointcafe/index.php/management/order
---
2015/05/05 22:30:45 [error] [exception.CHttpException.400] exception 'CHttpException' with message 'Your request is invalid.' in C:\xampp\htdocs\javapointcafe\framework\web\CController.php:336
Stack trace:
#0 C:\xampp\htdocs\javapointcafe\framework\web\CController.php(309): CController->invalidActionParams(Object(CInlineAction))
#1 C:\xampp\htdocs\javapointcafe\framework\web\CController.php(286): CController->runAction(Object(CInlineAction))
#2 C:\xampp\htdocs\javapointcafe\framework\web\CController.php(265): CController->runActionWithFilters(Object(CInlineAction), Array)
#3 C:\xampp\htdocs\javapointcafe\framework\web\CWebApplication.php(282): CController->run('edititem')
#4 C:\xampp\htdocs\javapointcafe\framework\web\CWebApplication.php(141): CWebApplication->runController('management/edit...')
#5 C:\xampp\htdocs\javapointcafe\framework\base\CApplication.php(184): CWebApplication->processRequest()
#6 C:\xampp\htdocs\javapointcafe\index.php(13): CApplication->run()
#7 {main}
REQUEST_URI=/javapointcafe/index.php/management/edititem?item_id=1&customer_id=1
HTTP_REFERER=http://localhost/javapointcafe/index.php/management/vieworder/1
---
2015/05/05 22:31:14 [error] [exception.CHttpException.400] exception 'CHttpException' with message 'Your request is invalid.' in C:\xampp\htdocs\javapointcafe\framework\web\CController.php:336
Stack trace:
#0 C:\xampp\htdocs\javapointcafe\framework\web\CController.php(309): CController->invalidActionParams(Object(CInlineAction))
#1 C:\xampp\htdocs\javapointcafe\framework\web\CController.php(286): CController->runAction(Object(CInlineAction))
#2 C:\xampp\htdocs\javapointcafe\framework\web\CController.php(265): CController->runActionWithFilters(Object(CInlineAction), Array)
#3 C:\xampp\htdocs\javapointcafe\framework\web\CWebApplication.php(282): CController->run('edititem')
#4 C:\xampp\htdocs\javapointcafe\framework\web\CWebApplication.php(141): CWebApplication->runController('management/edit...')
#5 C:\xampp\htdocs\javapointcafe\framework\base\CApplication.php(184): CWebApplication->processRequest()
#6 C:\xampp\htdocs\javapointcafe\index.php(13): CApplication->run()
#7 {main}
REQUEST_URI=/javapointcafe/index.php/management/edititem?item_id=1&customer_id=1
HTTP_REFERER=http://localhost/javapointcafe/index.php/management/vieworder/1
---
2015/05/05 22:41:37 [error] [php] Undefined variable: new_order (C:\xampp\htdocs\javapointcafe\protected\controllers\ManagementController.php:84)
Stack trace:
#0 C:\xampp\htdocs\javapointcafe\framework\web\CController.php(286): ManagementController->runAction()
#1 C:\xampp\htdocs\javapointcafe\framework\web\CController.php(265): ManagementController->runActionWithFilters()
#2 C:\xampp\htdocs\javapointcafe\framework\web\CWebApplication.php(282): ManagementController->run()
#3 C:\xampp\htdocs\javapointcafe\framework\web\CWebApplication.php(141): CWebApplication->runController()
#4 C:\xampp\htdocs\javapointcafe\framework\base\CApplication.php(184): CWebApplication->processRequest()
#5 C:\xampp\htdocs\javapointcafe\index.php(13): CWebApplication->run()
REQUEST_URI=/javapointcafe/index.php/management/additem?item_id=1&customer_id=2
in C:\xampp\htdocs\javapointcafe\protected\controllers\ManagementController.php (84)
in C:\xampp\htdocs\javapointcafe\index.php (13)
2015/05/07 00:16:41 [error] [exception.CHttpException.404] exception 'CHttpException' with message 'The system is unable to find the requested action "viewcategory".' in C:\xampp\htdocs\javapointcafe\framework\web\CController.php:483
Stack trace:
#0 C:\xampp\htdocs\javapointcafe\framework\web\CController.php(270): CController->missingAction('viewcategory')
#1 C:\xampp\htdocs\javapointcafe\framework\web\CWebApplication.php(282): CController->run('viewcategory')
#2 C:\xampp\htdocs\javapointcafe\framework\web\CWebApplication.php(141): CWebApplication->runController('management/view...')
#3 C:\xampp\htdocs\javapointcafe\framework\base\CApplication.php(184): CWebApplication->processRequest()
#4 C:\xampp\htdocs\javapointcafe\index.php(13): CApplication->run()
#5 {main}
REQUEST_URI=/javapointcafe/index.php/management/viewcategory/1
HTTP_REFERER=http://localhost/javapointcafe/index.php/management/menuindex
---
2015/05/07 00:38:53 [error] [exception.CHttpException.404] exception 'CHttpException' with message 'The system is unable to find the requested action "viewsubcategory".' in C:\xampp\htdocs\javapointcafe\framework\web\CController.php:483
Stack trace:
#0 C:\xampp\htdocs\javapointcafe\framework\web\CController.php(270): CController->missingAction('viewsubcategory')
#1 C:\xampp\htdocs\javapointcafe\framework\web\CWebApplication.php(282): CController->run('viewsubcategory')
#2 C:\xampp\htdocs\javapointcafe\framework\web\CWebApplication.php(141): CWebApplication->runController('management/view...')
#3 C:\xampp\htdocs\javapointcafe\framework\base\CApplication.php(184): CWebApplication->processRequest()
#4 C:\xampp\htdocs\javapointcafe\index.php(13): CApplication->run()
#5 {main}
REQUEST_URI=/javapointcafe/index.php/management/viewsubcategory/1
HTTP_REFERER=http://localhost/javapointcafe/index.php/management/viewcategory/1
---
2015/05/07 00:43:43 [error] [php] Undefined variable: category (C:\xampp\htdocs\javapointcafe\protected\views\management\site\category.php:39)
Stack trace:
#0 C:\xampp\htdocs\javapointcafe\framework\web\CController.php(869): ManagementController->renderFile()
#1 C:\xampp\htdocs\javapointcafe\framework\web\CController.php(782): ManagementController->renderPartial()
#2 C:\xampp\htdocs\javapointcafe\protected\controllers\ManagementController.php(238): ManagementController->render()
#3 unknown(0): ManagementController->actionViewsubcategory()
#4 C:\xampp\htdocs\javapointcafe\framework\web\actions\CAction.php(109): ReflectionMethod->invokeArgs()
#5 C:\xampp\htdocs\javapointcafe\framework\web\actions\CInlineAction.php(47): CInlineAction->runWithParamsInternal()
#6 C:\xampp\htdocs\javapointcafe\framework\web\CController.php(308): CInlineAction->runWithParams()
#7 C:\xampp\htdocs\javapointcafe\framework\web\CController.php(286): ManagementController->runAction()
#8 C:\xampp\htdocs\javapointcafe\framework\web\CController.php(265): ManagementController->runActionWithFilters()
#9 C:\xampp\htdocs\javapointcafe\framework\web\CWebApplication.php(282): ManagementController->run()
#10 C:\xampp\htdocs\javapointcafe\framework\web\CWebApplication.php(141): CWebApplication->runController()
#11 C:\xampp\htdocs\javapointcafe\framework\base\CApplication.php(184): CWebApplication->processRequest()
#12 C:\xampp\htdocs\javapointcafe\index.php(13): CWebApplication->run()
REQUEST_URI=/javapointcafe/index.php/management/viewsubcategory/1
in C:\xampp\htdocs\javapointcafe\protected\views\management\site\category.php (39)
in C:\xampp\htdocs\javapointcafe\protected\controllers\ManagementController.php (238)
in C:\xampp\htdocs\javapointcafe\index.php (13)
2015/05/07 00:44:48 [error] [php] Undefined variable: category (C:\xampp\htdocs\javapointcafe\protected\views\management\site\category.php:39)
Stack trace:
#0 C:\xampp\htdocs\javapointcafe\framework\web\CController.php(869): ManagementController->renderFile()
#1 C:\xampp\htdocs\javapointcafe\framework\web\CController.php(782): ManagementController->renderPartial()
#2 C:\xampp\htdocs\javapointcafe\protected\controllers\ManagementController.php(238): ManagementController->render()
#3 unknown(0): ManagementController->actionViewsubcategory()
#4 C:\xampp\htdocs\javapointcafe\framework\web\actions\CAction.php(109): ReflectionMethod->invokeArgs()
#5 C:\xampp\htdocs\javapointcafe\framework\web\actions\CInlineAction.php(47): CInlineAction->runWithParamsInternal()
#6 C:\xampp\htdocs\javapointcafe\framework\web\CController.php(308): CInlineAction->runWithParams()
#7 C:\xampp\htdocs\javapointcafe\framework\web\CController.php(286): ManagementController->runAction()
#8 C:\xampp\htdocs\javapointcafe\framework\web\CController.php(265): ManagementController->runActionWithFilters()
#9 C:\xampp\htdocs\javapointcafe\framework\web\CWebApplication.php(282): ManagementController->run()
#10 C:\xampp\htdocs\javapointcafe\framework\web\CWebApplication.php(141): CWebApplication->runController()
#11 C:\xampp\htdocs\javapointcafe\framework\base\CApplication.php(184): CWebApplication->processRequest()
#12 C:\xampp\htdocs\javapointcafe\index.php(13): CWebApplication->run()
REQUEST_URI=/javapointcafe/index.php/management/viewsubcategory/1
in C:\xampp\htdocs\javapointcafe\protected\views\management\site\category.php (39)
in C:\xampp\htdocs\javapointcafe\protected\controllers\ManagementController.php (238)
in C:\xampp\htdocs\javapointcafe\index.php (13)
2015/05/07 00:52:18 [error] [exception.CHttpException.404] exception 'CHttpException' with message 'The system is unable to find the requested action "checkout.html".' in C:\xampp\htdocs\javapointcafe\framework\web\CController.php:483
Stack trace:
#0 C:\xampp\htdocs\javapointcafe\framework\web\CController.php(270): CController->missingAction('checkout.html')
#1 C:\xampp\htdocs\javapointcafe\framework\web\CWebApplication.php(282): CController->run('checkout.html')
#2 C:\xampp\htdocs\javapointcafe\framework\web\CWebApplication.php(141): CWebApplication->runController('site/checkout.h...')
#3 C:\xampp\htdocs\javapointcafe\framework\base\CApplication.php(184): CWebApplication->processRequest()
#4 C:\xampp\htdocs\javapointcafe\index.php(13): CApplication->run()
#5 {main}
REQUEST_URI=/javapointcafe/index.php/site/checkout.html
HTTP_REFERER=http://localhost/javapointcafe/index.php/site/index
---
2015/05/07 15:42:17 [error] [php] Undefined variable: form (C:\xampp\htdocs\javapointcafe\protected\views\management\site\menu.php:47)
Stack trace:
#0 C:\xampp\htdocs\javapointcafe\framework\web\CController.php(869): ManagementController->renderFile()
#1 C:\xampp\htdocs\javapointcafe\framework\web\CController.php(782): ManagementController->renderPartial()
#2 C:\xampp\htdocs\javapointcafe\protected\controllers\ManagementController.php(213): ManagementController->render()
#3 C:\xampp\htdocs\javapointcafe\framework\web\actions\CInlineAction.php(49): ManagementController->actionMenuindex()
#4 C:\xampp\htdocs\javapointcafe\framework\web\CController.php(308): CInlineAction->runWithParams()
#5 C:\xampp\htdocs\javapointcafe\framework\web\CController.php(286): ManagementController->runAction()
#6 C:\xampp\htdocs\javapointcafe\framework\web\CController.php(265): ManagementController->runActionWithFilters()
#7 C:\xampp\htdocs\javapointcafe\framework\web\CWebApplication.php(282): ManagementController->run()
#8 C:\xampp\htdocs\javapointcafe\framework\web\CWebApplication.php(141): CWebApplication->runController()
#9 C:\xampp\htdocs\javapointcafe\framework\base\CApplication.php(184): CWebApplication->processRequest()
#10 C:\xampp\htdocs\javapointcafe\index.php(13): CWebApplication->run()
REQUEST_URI=/javapointcafe/index.php/management/menuindex
in C:\xampp\htdocs\javapointcafe\protected\views\management\site\menu.php (47)
in C:\xampp\htdocs\javapointcafe\protected\controllers\ManagementController.php (213)
in C:\xampp\htdocs\javapointcafe\index.php (13)
2015/05/07 16:01:22 [error] [php] Undefined variable: form (C:\xampp\htdocs\javapointcafe\protected\views\management\site\menu.php:35)
Stack trace:
#0 C:\xampp\htdocs\javapointcafe\framework\web\CController.php(869): ManagementController->renderFile()
#1 C:\xampp\htdocs\javapointcafe\framework\web\CController.php(782): ManagementController->renderPartial()
#2 C:\xampp\htdocs\javapointcafe\protected\controllers\ManagementController.php(219): ManagementController->render()
#3 C:\xampp\htdocs\javapointcafe\framework\web\actions\CInlineAction.php(49): ManagementController->actionMenuindex()
#4 C:\xampp\htdocs\javapointcafe\framework\web\CController.php(308): CInlineAction->runWithParams()
#5 C:\xampp\htdocs\javapointcafe\framework\web\CController.php(286): ManagementController->runAction()
#6 C:\xampp\htdocs\javapointcafe\framework\web\CController.php(265): ManagementController->runActionWithFilters()
#7 C:\xampp\htdocs\javapointcafe\framework\web\CWebApplication.php(282): ManagementController->run()
#8 C:\xampp\htdocs\javapointcafe\framework\web\CWebApplication.php(141): CWebApplication->runController()
#9 C:\xampp\htdocs\javapointcafe\framework\base\CApplication.php(184): CWebApplication->processRequest()
#10 C:\xampp\htdocs\javapointcafe\index.php(13): CWebApplication->run()
REQUEST_URI=/javapointcafe/index.php/management/menuindex
in C:\xampp\htdocs\javapointcafe\protected\views\management\site\menu.php (35)
in C:\xampp\htdocs\javapointcafe\protected\controllers\ManagementController.php (219)
in C:\xampp\htdocs\javapointcafe\index.php (13)
2015/05/07 16:25:59 [error] [php] Undefined variable: form (C:\xampp\htdocs\javapointcafe\protected\views\management\site\category.php:46)
Stack trace:
#0 C:\xampp\htdocs\javapointcafe\framework\web\CController.php(869): ManagementController->renderFile()
#1 C:\xampp\htdocs\javapointcafe\framework\web\CController.php(782): ManagementController->renderPartial()
#2 C:\xampp\htdocs\javapointcafe\protected\controllers\ManagementController.php(242): ManagementController->render()
#3 unknown(0): ManagementController->actionViewcategory()
#4 C:\xampp\htdocs\javapointcafe\framework\web\actions\CAction.php(109): ReflectionMethod->invokeArgs()
#5 C:\xampp\htdocs\javapointcafe\framework\web\actions\CInlineAction.php(47): CInlineAction->runWithParamsInternal()
#6 C:\xampp\htdocs\javapointcafe\framework\web\CController.php(308): CInlineAction->runWithParams()
#7 C:\xampp\htdocs\javapointcafe\framework\web\CController.php(286): ManagementController->runAction()
#8 C:\xampp\htdocs\javapointcafe\framework\web\CController.php(265): ManagementController->runActionWithFilters()
#9 C:\xampp\htdocs\javapointcafe\framework\web\CWebApplication.php(282): ManagementController->run()
#10 C:\xampp\htdocs\javapointcafe\framework\web\CWebApplication.php(141): CWebApplication->runController()
#11 C:\xampp\htdocs\javapointcafe\framework\base\CApplication.php(184): CWebApplication->processRequest()
#12 C:\xampp\htdocs\javapointcafe\index.php(13): CWebApplication->run()
REQUEST_URI=/javapointcafe/index.php/management/viewcategory/3
in C:\xampp\htdocs\javapointcafe\protected\views\management\site\category.php (46)
in C:\xampp\htdocs\javapointcafe\protected\controllers\ManagementController.php (242)
in C:\xampp\htdocs\javapointcafe\index.php (13)
2015/05/07 16:26:18 [error] [exception.CException] exception 'CException' with message 'Property "Subcategory.category_name" is not defined.' in C:\xampp\htdocs\javapointcafe\framework\base\CComponent.php:130
Stack trace:
#0 C:\xampp\htdocs\javapointcafe\framework\db\ar\CActiveRecord.php(145): CComponent->__get('category_name')
#1 C:\xampp\htdocs\javapointcafe\framework\web\helpers\CHtml.php(2728): CActiveRecord->__get('category_name')
#2 C:\xampp\htdocs\javapointcafe\framework\web\helpers\CHtml.php(2451): CHtml::resolveValue(Object(Subcategory), 'category_name')
#3 C:\xampp\htdocs\javapointcafe\framework\web\helpers\CHtml.php(1533): CHtml::activeInputField('text', Object(Subcategory), 'category_name', Array)
#4 C:\xampp\htdocs\javapointcafe\framework\web\widgets\CActiveForm.php(792): CHtml::activeTextField(Object(Subcategory), 'category_name', Array)
#5 C:\xampp\htdocs\javapointcafe\protected\views\management\site\category.php(55): CActiveForm->textField(Object(Subcategory), 'category_name', Array)
#6 C:\xampp\htdocs\javapointcafe\framework\web\CBaseController.php(126): require('C:\\xampp\\htdocs...')
#7 C:\xampp\htdocs\javapointcafe\framework\web\CBaseController.php(95): CBaseController->renderInternal('C:\\xampp\\htdocs...', Array, true)
#8 C:\xampp\htdocs\javapointcafe\framework\web\CController.php(869): CBaseController->renderFile('C:\\xampp\\htdocs...', Array, true)
#9 C:\xampp\htdocs\javapointcafe\framework\web\CController.php(782): CController->renderPartial('site/category', Array, true)
#10 C:\xampp\htdocs\javapointcafe\protected\controllers\ManagementController.php(242): CController->render('site/category', Array)
#11 [internal function]: ManagementController->actionViewcategory('3')
#12 C:\xampp\htdocs\javapointcafe\framework\web\actions\CAction.php(109): ReflectionMethod->invokeArgs(Object(ManagementController), Array)
#13 C:\xampp\htdocs\javapointcafe\framework\web\actions\CInlineAction.php(47): CAction->runWithParamsInternal(Object(ManagementController), Object(ReflectionMethod), Array)
#14 C:\xampp\htdocs\javapointcafe\framework\web\CController.php(308): CInlineAction->runWithParams(Array)
#15 C:\xampp\htdocs\javapointcafe\framework\web\CController.php(286): CController->runAction(Object(CInlineAction))
#16 C:\xampp\htdocs\javapointcafe\framework\web\CController.php(265): CController->runActionWithFilters(Object(CInlineAction), Array)
#17 C:\xampp\htdocs\javapointcafe\framework\web\CWebApplication.php(282): CController->run('viewcategory')
#18 C:\xampp\htdocs\javapointcafe\framework\web\CWebApplication.php(141): CWebApplication->runController('management/view...')
#19 C:\xampp\htdocs\javapointcafe\framework\base\CApplication.php(184): CWebApplication->processRequest()
#20 C:\xampp\htdocs\javapointcafe\index.php(13): CApplication->run()
#21 {main}
REQUEST_URI=/javapointcafe/index.php/management/viewcategory/3
HTTP_REFERER=http://localhost/javapointcafe/index.php/management/menuindex
---
2015/05/07 17:20:56 [error] [php] Undefined variable: model (C:\xampp\htdocs\javapointcafe\protected\views\management\site\subcategory.php:56)
Stack trace:
#0 C:\xampp\htdocs\javapointcafe\framework\web\CController.php(869): ManagementController->renderFile()
#1 C:\xampp\htdocs\javapointcafe\framework\web\CController.php(782): ManagementController->renderPartial()
#2 C:\xampp\htdocs\javapointcafe\protected\controllers\ManagementController.php(260): ManagementController->render()
#3 unknown(0): ManagementController->actionViewsubcategory()
#4 C:\xampp\htdocs\javapointcafe\framework\web\actions\CAction.php(109): ReflectionMethod->invokeArgs()
#5 C:\xampp\htdocs\javapointcafe\framework\web\actions\CInlineAction.php(47): CInlineAction->runWithParamsInternal()
#6 C:\xampp\htdocs\javapointcafe\framework\web\CController.php(308): CInlineAction->runWithParams()
#7 C:\xampp\htdocs\javapointcafe\framework\web\CController.php(286): ManagementController->runAction()
#8 C:\xampp\htdocs\javapointcafe\framework\web\CController.php(265): ManagementController->runActionWithFilters()
#9 C:\xampp\htdocs\javapointcafe\framework\web\CWebApplication.php(282): ManagementController->run()
#10 C:\xampp\htdocs\javapointcafe\framework\web\CWebApplication.php(141): CWebApplication->runController()
#11 C:\xampp\htdocs\javapointcafe\framework\base\CApplication.php(184): CWebApplication->processRequest()
#12 C:\xampp\htdocs\javapointcafe\index.php(13): CWebApplication->run()
REQUEST_URI=/javapointcafe/index.php/management/viewsubcategory/1
in C:\xampp\htdocs\javapointcafe\protected\views\management\site\subcategory.php (56)
in C:\xampp\htdocs\javapointcafe\protected\controllers\ManagementController.php (260)
in C:\xampp\htdocs\javapointcafe\index.php (13)
2015/05/07 17:59:12 [error] [php] Array to string conversion (C:\xampp\htdocs\javapointcafe\protected\controllers\ManagementController.php:228)
Stack trace:
#0 C:\xampp\htdocs\javapointcafe\framework\web\actions\CInlineAction.php(47): CInlineAction->runWithParamsInternal()
#1 C:\xampp\htdocs\javapointcafe\framework\web\CController.php(308): CInlineAction->runWithParams()
#2 C:\xampp\htdocs\javapointcafe\framework\web\CController.php(286): ManagementController->runAction()
#3 C:\xampp\htdocs\javapointcafe\framework\web\CController.php(265): ManagementController->runActionWithFilters()
#4 C:\xampp\htdocs\javapointcafe\framework\web\CWebApplication.php(282): ManagementController->run()
#5 C:\xampp\htdocs\javapointcafe\framework\web\CWebApplication.php(141): CWebApplication->runController()
#6 C:\xampp\htdocs\javapointcafe\framework\base\CApplication.php(184): CWebApplication->processRequest()
#7 C:\xampp\htdocs\javapointcafe\index.php(13): CWebApplication->run()
REQUEST_URI=/javapointcafe/index.php/management/viewcategory/3
in C:\xampp\htdocs\javapointcafe\protected\controllers\ManagementController.php (228)
in C:\xampp\htdocs\javapointcafe\index.php (13)
2015/05/07 18:29:55 [error] [exception.CException] exception 'CException' with message 'Property "Subcategory.item_description" is not defined.' in C:\xampp\htdocs\javapointcafe\framework\base\CComponent.php:130
Stack trace:
#0 C:\xampp\htdocs\javapointcafe\framework\db\ar\CActiveRecord.php(145): CComponent->__get('item_descriptio...')
#1 C:\xampp\htdocs\javapointcafe\framework\web\helpers\CHtml.php(2728): CActiveRecord->__get('item_descriptio...')
#2 C:\xampp\htdocs\javapointcafe\framework\web\helpers\CHtml.php(2451): CHtml::resolveValue(Object(Subcategory), 'item_descriptio...')
#3 C:\xampp\htdocs\javapointcafe\framework\web\helpers\CHtml.php(1533): CHtml::activeInputField('text', Object(Subcategory), 'item_descriptio...', Array)
#4 C:\xampp\htdocs\javapointcafe\framework\web\widgets\CActiveForm.php(792): CHtml::activeTextField(Object(Subcategory), 'item_descriptio...', Array)
#5 C:\xampp\htdocs\javapointcafe\protected\views\management\site\subcategory.php(58): CActiveForm->textField(Object(Subcategory), 'item_descriptio...', Array)
#6 C:\xampp\htdocs\javapointcafe\framework\web\CBaseController.php(126): require('C:\\xampp\\htdocs...')
#7 C:\xampp\htdocs\javapointcafe\framework\web\CBaseController.php(95): CBaseController->renderInternal('C:\\xampp\\htdocs...', Array, true)
#8 C:\xampp\htdocs\javapointcafe\framework\web\CController.php(869): CBaseController->renderFile('C:\\xampp\\htdocs...', Array, true)
#9 C:\xampp\htdocs\javapointcafe\framework\web\CController.php(782): CController->renderPartial('site/subcategor...', Array, true)
#10 C:\xampp\htdocs\javapointcafe\protected\controllers\ManagementController.php(275): CController->render('site/subcategor...', Array)
#11 [internal function]: ManagementController->actionViewsubcategory('7')
#12 C:\xampp\htdocs\javapointcafe\framework\web\actions\CAction.php(109): ReflectionMethod->invokeArgs(Object(ManagementController), Array)
#13 C:\xampp\htdocs\javapointcafe\framework\web\actions\CInlineAction.php(47): CAction->runWithParamsInternal(Object(ManagementController), Object(ReflectionMethod), Array)
#14 C:\xampp\htdocs\javapointcafe\framework\web\CController.php(308): CInlineAction->runWithParams(Array)
#15 C:\xampp\htdocs\javapointcafe\framework\web\CController.php(286): CController->runAction(Object(CInlineAction))
#16 C:\xampp\htdocs\javapointcafe\framework\web\CController.php(265): CController->runActionWithFilters(Object(CInlineAction), Array)
#17 C:\xampp\htdocs\javapointcafe\framework\web\CWebApplication.php(282): CController->run('viewsubcategory')
#18 C:\xampp\htdocs\javapointcafe\framework\web\CWebApplication.php(141): CWebApplication->runController('management/view...')
#19 C:\xampp\htdocs\javapointcafe\framework\base\CApplication.php(184): CWebApplication->processRequest()
#20 C:\xampp\htdocs\javapointcafe\index.php(13): CApplication->run()
#21 {main}
REQUEST_URI=/javapointcafe/index.php/management/viewsubcategory/7
HTTP_REFERER=http://localhost/javapointcafe/index.php/management/viewsubcategory/7
---
2015/05/07 18:32:36 [error] [exception.CException] exception 'CException' with message 'Property "Subcategory.item_description" is not defined.' in C:\xampp\htdocs\javapointcafe\framework\base\CComponent.php:130
Stack trace:
#0 C:\xampp\htdocs\javapointcafe\framework\db\ar\CActiveRecord.php(145): CComponent->__get('item_descriptio...')
#1 C:\xampp\htdocs\javapointcafe\framework\web\helpers\CHtml.php(2728): CActiveRecord->__get('item_descriptio...')
#2 C:\xampp\htdocs\javapointcafe\framework\web\helpers\CHtml.php(2451): CHtml::resolveValue(Object(Subcategory), 'item_descriptio...')
#3 C:\xampp\htdocs\javapointcafe\framework\web\helpers\CHtml.php(1533): CHtml::activeInputField('text', Object(Subcategory), 'item_descriptio...', Array)
#4 C:\xampp\htdocs\javapointcafe\framework\web\widgets\CActiveForm.php(792): CHtml::activeTextField(Object(Subcategory), 'item_descriptio...', Array)
#5 C:\xampp\htdocs\javapointcafe\protected\views\management\site\subcategory.php(58): CActiveForm->textField(Object(Subcategory), 'item_descriptio...', Array)
#6 C:\xampp\htdocs\javapointcafe\framework\web\CBaseController.php(126): require('C:\\xampp\\htdocs...')
#7 C:\xampp\htdocs\javapointcafe\framework\web\CBaseController.php(95): CBaseController->renderInternal('C:\\xampp\\htdocs...', Array, true)
#8 C:\xampp\htdocs\javapointcafe\framework\web\CController.php(869): CBaseController->renderFile('C:\\xampp\\htdocs...', Array, true)
#9 C:\xampp\htdocs\javapointcafe\framework\web\CController.php(782): CController->renderPartial('site/subcategor...', Array, true)
#10 C:\xampp\htdocs\javapointcafe\protected\controllers\ManagementController.php(275): CController->render('site/subcategor...', Array)
#11 [internal function]: ManagementController->actionViewsubcategory('7')
#12 C:\xampp\htdocs\javapointcafe\framework\web\actions\CAction.php(109): ReflectionMethod->invokeArgs(Object(ManagementController), Array)
#13 C:\xampp\htdocs\javapointcafe\framework\web\actions\CInlineAction.php(47): CAction->runWithParamsInternal(Object(ManagementController), Object(ReflectionMethod), Array)
#14 C:\xampp\htdocs\javapointcafe\framework\web\CController.php(308): CInlineAction->runWithParams(Array)
#15 C:\xampp\htdocs\javapointcafe\framework\web\CController.php(286): CController->runAction(Object(CInlineAction))
#16 C:\xampp\htdocs\javapointcafe\framework\web\CController.php(265): CController->runActionWithFilters(Object(CInlineAction), Array)
#17 C:\xampp\htdocs\javapointcafe\framework\web\CWebApplication.php(282): CController->run('viewsubcategory')
#18 C:\xampp\htdocs\javapointcafe\framework\web\CWebApplication.php(141): CWebApplication->runController('management/view...')
#19 C:\xampp\htdocs\javapointcafe\framework\base\CApplication.php(184): CWebApplication->processRequest()
#20 C:\xampp\htdocs\javapointcafe\index.php(13): CApplication->run()
#21 {main}
REQUEST_URI=/javapointcafe/index.php/management/viewsubcategory/7
HTTP_REFERER=http://localhost/javapointcafe/index.php/management/viewsubcategory/7
---
2015/05/07 19:25:27 [error] [php] Trying to get property of non-object (C:\xampp\htdocs\javapointcafe\protected\controllers\ManagementController.php:292)
Stack trace:
#0 C:\xampp\htdocs\javapointcafe\framework\web\actions\CInlineAction.php(47): CInlineAction->runWithParamsInternal()
#1 C:\xampp\htdocs\javapointcafe\framework\web\CController.php(308): CInlineAction->runWithParams()
#2 C:\xampp\htdocs\javapointcafe\framework\web\CController.php(286): ManagementController->runAction()
#3 C:\xampp\htdocs\javapointcafe\framework\web\CController.php(265): ManagementController->runActionWithFilters()
#4 C:\xampp\htdocs\javapointcafe\framework\web\CWebApplication.php(282): ManagementController->run()
#5 C:\xampp\htdocs\javapointcafe\framework\web\CWebApplication.php(141): CWebApplication->runController()
#6 C:\xampp\htdocs\javapointcafe\framework\base\CApplication.php(184): CWebApplication->processRequest()
#7 C:\xampp\htdocs\javapointcafe\index.php(13): CWebApplication->run()
REQUEST_URI=/javapointcafe/index.php/management/deletesubcategory/13
in C:\xampp\htdocs\javapointcafe\protected\controllers\ManagementController.php (292)
in C:\xampp\htdocs\javapointcafe\index.php (13)
2015/05/07 19:25:58 [error] [php] Trying to get property of non-object (C:\xampp\htdocs\javapointcafe\protected\controllers\ManagementController.php:292)
Stack trace:
#0 C:\xampp\htdocs\javapointcafe\framework\web\actions\CInlineAction.php(47): CInlineAction->runWithParamsInternal()
#1 C:\xampp\htdocs\javapointcafe\framework\web\CController.php(308): CInlineAction->runWithParams()
#2 C:\xampp\htdocs\javapointcafe\framework\web\CController.php(286): ManagementController->runAction()
#3 C:\xampp\htdocs\javapointcafe\framework\web\CController.php(265): ManagementController->runActionWithFilters()
#4 C:\xampp\htdocs\javapointcafe\framework\web\CWebApplication.php(282): ManagementController->run()
#5 C:\xampp\htdocs\javapointcafe\framework\web\CWebApplication.php(141): CWebApplication->runController()
#6 C:\xampp\htdocs\javapointcafe\framework\base\CApplication.php(184): CWebApplication->processRequest()
#7 C:\xampp\htdocs\javapointcafe\index.php(13): CWebApplication->run()
REQUEST_URI=/javapointcafe/index.php/management/deletesubcategory/13
in C:\xampp\htdocs\javapointcafe\protected\controllers\ManagementController.php (292)
in C:\xampp\htdocs\javapointcafe\index.php (13)
2015/05/07 19:26:31 [error] [php] Trying to get property of non-object (C:\xampp\htdocs\javapointcafe\protected\controllers\ManagementController.php:291)
Stack trace:
#0 C:\xampp\htdocs\javapointcafe\framework\web\actions\CInlineAction.php(47): CInlineAction->runWithParamsInternal()
#1 C:\xampp\htdocs\javapointcafe\framework\web\CController.php(308): CInlineAction->runWithParams()
#2 C:\xampp\htdocs\javapointcafe\framework\web\CController.php(286): ManagementController->runAction()
#3 C:\xampp\htdocs\javapointcafe\framework\web\CController.php(265): ManagementController->runActionWithFilters()
#4 C:\xampp\htdocs\javapointcafe\framework\web\CWebApplication.php(282): ManagementController->run()
#5 C:\xampp\htdocs\javapointcafe\framework\web\CWebApplication.php(141): CWebApplication->runController()
#6 C:\xampp\htdocs\javapointcafe\framework\base\CApplication.php(184): CWebApplication->processRequest()
#7 C:\xampp\htdocs\javapointcafe\index.php(13): CWebApplication->run()
REQUEST_URI=/javapointcafe/index.php/management/deletesubcategory/13
in C:\xampp\htdocs\javapointcafe\protected\controllers\ManagementController.php (291)
in C:\xampp\htdocs\javapointcafe\index.php (13)
2015/05/07 19:50:10 [error] [php] Missing argument 2 for CDbCriteria::addInCondition(), called in C:\xampp\htdocs\javapointcafe\protected\models\Item.php on line 96 and defined (C:\xampp\htdocs\javapointcafe\framework\db\schema\CDbCriteria.php:274)
Stack trace:
#0 C:\xampp\htdocs\javapointcafe\framework\web\CBaseController.php(126): require()
#1 C:\xampp\htdocs\javapointcafe\framework\web\CBaseController.php(95): ManagementController->renderInternal()
#2 C:\xampp\htdocs\javapointcafe\framework\web\CController.php(869): ManagementController->renderFile()
#3 C:\xampp\htdocs\javapointcafe\framework\web\CController.php(782): ManagementController->renderPartial()
#4 C:\xampp\htdocs\javapointcafe\protected\controllers\ManagementController.php(57): ManagementController->render()
#5 unknown(0): ManagementController->actionVieworder()
#6 C:\xampp\htdocs\javapointcafe\framework\web\actions\CAction.php(109): ReflectionMethod->invokeArgs()
#7 C:\xampp\htdocs\javapointcafe\framework\web\actions\CInlineAction.php(47): CInlineAction->runWithParamsInternal()
#8 C:\xampp\htdocs\javapointcafe\framework\web\CController.php(308): CInlineAction->runWithParams()
#9 C:\xampp\htdocs\javapointcafe\framework\web\CController.php(286): ManagementController->runAction()
#10 C:\xampp\htdocs\javapointcafe\framework\web\CController.php(265): ManagementController->runActionWithFilters()
#11 C:\xampp\htdocs\javapointcafe\framework\web\CWebApplication.php(282): ManagementController->run()
#12 C:\xampp\htdocs\javapointcafe\framework\web\CWebApplication.php(141): CWebApplication->runController()
#13 C:\xampp\htdocs\javapointcafe\framework\base\CApplication.php(184): CWebApplication->processRequest()
#14 C:\xampp\htdocs\javapointcafe\index.php(13): CWebApplication->run()
REQUEST_URI=/javapointcafe/index.php/management/vieworder/1
in C:\xampp\htdocs\javapointcafe\protected\models\Item.php (96)
in C:\xampp\htdocs\javapointcafe\protected\views\management\order\vieworder.php (121)
in C:\xampp\htdocs\javapointcafe\protected\controllers\ManagementController.php (57)
2015/05/07 19:50:41 [error] [php] reset() expects parameter 1 to be array, string given (C:\xampp\htdocs\javapointcafe\framework\db\schema\CDbCriteria.php:280)
Stack trace:
#0 C:\xampp\htdocs\javapointcafe\protected\views\management\order\vieworder.php(121): Item->search()
#1 C:\xampp\htdocs\javapointcafe\framework\web\CBaseController.php(126): require()
#2 C:\xampp\htdocs\javapointcafe\framework\web\CBaseController.php(95): ManagementController->renderInternal()
#3 C:\xampp\htdocs\javapointcafe\framework\web\CController.php(869): ManagementController->renderFile()
#4 C:\xampp\htdocs\javapointcafe\framework\web\CController.php(782): ManagementController->renderPartial()
#5 C:\xampp\htdocs\javapointcafe\protected\controllers\ManagementController.php(57): ManagementController->render()
#6 unknown(0): ManagementController->actionVieworder()
#7 C:\xampp\htdocs\javapointcafe\framework\web\actions\CAction.php(109): ReflectionMethod->invokeArgs()
#8 C:\xampp\htdocs\javapointcafe\framework\web\actions\CInlineAction.php(47): CInlineAction->runWithParamsInternal()
#9 C:\xampp\htdocs\javapointcafe\framework\web\CController.php(308): CInlineAction->runWithParams()
#10 C:\xampp\htdocs\javapointcafe\framework\web\CController.php(286): ManagementController->runAction()
#11 C:\xampp\htdocs\javapointcafe\framework\web\CController.php(265): ManagementController->runActionWithFilters()
#12 C:\xampp\htdocs\javapointcafe\framework\web\CWebApplication.php(282): ManagementController->run()
#13 C:\xampp\htdocs\javapointcafe\framework\web\CWebApplication.php(141): CWebApplication->runController()
#14 C:\xampp\htdocs\javapointcafe\framework\base\CApplication.php(184): CWebApplication->processRequest()
#15 C:\xampp\htdocs\javapointcafe\index.php(13): CWebApplication->run()
REQUEST_URI=/javapointcafe/index.php/management/vieworder/1
in C:\xampp\htdocs\javapointcafe\protected\models\Item.php (96)
in C:\xampp\htdocs\javapointcafe\protected\views\management\order\vieworder.php (121)
in C:\xampp\htdocs\javapointcafe\protected\controllers\ManagementController.php (57)
2015/05/07 22:49:09 [error] [php] Undefined variable: _GET (C:\xampp\htdocs\javapointcafe\framework\web\CSort.php:400)
Stack trace:
#0 C:\xampp\htdocs\javapointcafe\framework\zii\widgets\grid\CGridColumn.php(186): CDataColumn->getHeaderCellContent()
#1 C:\xampp\htdocs\javapointcafe\framework\zii\widgets\grid\CGridColumn.php(130): CDataColumn->renderHeaderCellContent()
#2 C:\xampp\htdocs\javapointcafe\framework\zii\widgets\grid\CGridView.php(512): CDataColumn->renderHeaderCell()
#3 C:\xampp\htdocs\javapointcafe\framework\zii\widgets\grid\CGridView.php(486): CGridView->renderTableHeader()
#4 C:\xampp\htdocs\javapointcafe\framework\zii\widgets\CBaseListView.php(181): CGridView->renderItems()
#5 unknown(0): CGridView->renderSection()
#6 C:\xampp\htdocs\javapointcafe\framework\zii\widgets\CBaseListView.php(164): preg_replace_callback()
#7 C:\xampp\htdocs\javapointcafe\framework\zii\widgets\CBaseListView.php(149): CGridView->renderContent()
#8 C:\xampp\htdocs\javapointcafe\framework\web\CBaseController.php(181): CGridView->run()
#9 C:\xampp\htdocs\javapointcafe\protected\views\management\site\menu.php(100): ManagementController->widget()
#10 C:\xampp\htdocs\javapointcafe\framework\web\CBaseController.php(126): require()
#11 C:\xampp\htdocs\javapointcafe\framework\web\CBaseController.php(95): ManagementController->renderInternal()
#12 C:\xampp\htdocs\javapointcafe\framework\web\CController.php(869): ManagementController->renderFile()
#13 C:\xampp\htdocs\javapointcafe\framework\web\CController.php(782): ManagementController->renderPartial()
#14 C:\xampp\htdocs\javapointcafe\protected\controllers\ManagementController.php(227): ManagementController->render()
#15 C:\xampp\htdocs\javapointcafe\framework\web\actions\CInlineAction.php(49): ManagementController->actionMenuindex()
#16 C:\xampp\htdocs\javapointcafe\framework\web\CController.php(308): CInlineAction->runWithParams()
#17 C:\xampp\htdocs\javapointcafe\framework\web\CController.php(286): ManagementController->runAction()
#18 C:\xampp\htdocs\javapointcafe\framework\web\CController.php(265): ManagementController->runActionWithFilters()
#19 C:\xampp\htdocs\javapointcafe\framework\web\CWebApplication.php(282): ManagementController->run()
#20 C:\xampp\htdocs\javapointcafe\framework\web\CWebApplication.php(141): CWebApplication->runController()
#21 C:\xampp\htdocs\javapointcafe\framework\base\CApplication.php(184): CWebApplication->processRequest()
#22 C:\xampp\htdocs\javapointcafe\index.php(13): CWebApplication->run()
REQUEST_URI=/javapointcafe/index.php/management/menuindex/3
in C:\xampp\htdocs\javapointcafe\protected\views\management\site\menu.php (100)
in C:\xampp\htdocs\javapointcafe\protected\controllers\ManagementController.php (227)
in C:\xampp\htdocs\javapointcafe\index.php (13)
2015/05/07 23:07:40 [error] [php] Undefined variable: form (C:\xampp\htdocs\javapointcafe\protected\views\management\site\category.php:62)
Stack trace:
#0 C:\xampp\htdocs\javapointcafe\framework\web\CController.php(869): ManagementController->renderFile()
#1 C:\xampp\htdocs\javapointcafe\framework\web\CController.php(782): ManagementController->renderPartial()
#2 C:\xampp\htdocs\javapointcafe\protected\controllers\ManagementController.php(256): ManagementController->render()
#3 unknown(0): ManagementController->actionViewcategory()
#4 C:\xampp\htdocs\javapointcafe\framework\web\actions\CAction.php(109): ReflectionMethod->invokeArgs()
#5 C:\xampp\htdocs\javapointcafe\framework\web\actions\CInlineAction.php(47): CInlineAction->runWithParamsInternal()
#6 C:\xampp\htdocs\javapointcafe\framework\web\CController.php(308): CInlineAction->runWithParams()
#7 C:\xampp\htdocs\javapointcafe\framework\web\CController.php(286): ManagementController->runAction()
#8 C:\xampp\htdocs\javapointcafe\framework\web\CController.php(265): ManagementController->runActionWithFilters()
#9 C:\xampp\htdocs\javapointcafe\framework\web\CWebApplication.php(282): ManagementController->run()
#10 C:\xampp\htdocs\javapointcafe\framework\web\CWebApplication.php(141): CWebApplication->runController()
#11 C:\xampp\htdocs\javapointcafe\framework\base\CApplication.php(184): CWebApplication->processRequest()
#12 C:\xampp\htdocs\javapointcafe\index.php(13): CWebApplication->run()
REQUEST_URI=/javapointcafe/index.php/management/viewcategory/3
in C:\xampp\htdocs\javapointcafe\protected\views\management\site\category.php (62)
in C:\xampp\htdocs\javapointcafe\protected\controllers\ManagementController.php (256)
in C:\xampp\htdocs\javapointcafe\index.php (13)
2015/05/08 00:03:33 [error] [exception.CHttpException.404] exception 'CHttpException' with message 'The system is unable to find the requested action "viewmenuitem".' in C:\xampp\htdocs\javapointcafe\framework\web\CController.php:483
Stack trace:
#0 C:\xampp\htdocs\javapointcafe\framework\web\CController.php(270): CController->missingAction('viewmenuitem')
#1 C:\xampp\htdocs\javapointcafe\framework\web\CWebApplication.php(282): CController->run('viewmenuitem')
#2 C:\xampp\htdocs\javapointcafe\framework\web\CWebApplication.php(141): CWebApplication->runController('management/view...')
#3 C:\xampp\htdocs\javapointcafe\framework\base\CApplication.php(184): CWebApplication->processRequest()
#4 C:\xampp\htdocs\javapointcafe\index.php(13): CApplication->run()
#5 {main}
REQUEST_URI=/javapointcafe/index.php/management/viewmenuitem/6
HTTP_REFERER=http://localhost/javapointcafe/index.php/management/viewsubcategory/7
---
2015/05/08 00:03:40 [error] [php] Undefined variable: subcategory (C:\xampp\htdocs\javapointcafe\protected\views\management\site\subcategory.php:51)
Stack trace:
#0 C:\xampp\htdocs\javapointcafe\framework\web\CController.php(869): ManagementController->renderFile()
#1 C:\xampp\htdocs\javapointcafe\framework\web\CController.php(782): ManagementController->renderPartial()
#2 C:\xampp\htdocs\javapointcafe\protected\controllers\ManagementController.php(327): ManagementController->render()
#3 unknown(0): ManagementController->actionUpdatemenuitem()
#4 C:\xampp\htdocs\javapointcafe\framework\web\actions\CAction.php(109): ReflectionMethod->invokeArgs()
#5 C:\xampp\htdocs\javapointcafe\framework\web\actions\CInlineAction.php(47): CInlineAction->runWithParamsInternal()
#6 C:\xampp\htdocs\javapointcafe\framework\web\CController.php(308): CInlineAction->runWithParams()
#7 C:\xampp\htdocs\javapointcafe\framework\web\CController.php(286): ManagementController->runAction()
#8 C:\xampp\htdocs\javapointcafe\framework\web\CController.php(265): ManagementController->runActionWithFilters()
#9 C:\xampp\htdocs\javapointcafe\framework\web\CWebApplication.php(282): ManagementController->run()
#10 C:\xampp\htdocs\javapointcafe\framework\web\CWebApplication.php(141): CWebApplication->runController()
#11 C:\xampp\htdocs\javapointcafe\framework\base\CApplication.php(184): CWebApplication->processRequest()
#12 C:\xampp\htdocs\javapointcafe\index.php(13): CWebApplication->run()
REQUEST_URI=/javapointcafe/index.php/management/updatemenuitem/6
in C:\xampp\htdocs\javapointcafe\protected\views\management\site\subcategory.php (51)
in C:\xampp\htdocs\javapointcafe\protected\controllers\ManagementController.php (327)
in C:\xampp\htdocs\javapointcafe\index.php (13)
2015/05/08 00:05:51 [error] [php] Undefined variable: subcategory (C:\xampp\htdocs\javapointcafe\protected\views\management\site\subcategory.php:51)
Stack trace:
#0 C:\xampp\htdocs\javapointcafe\framework\web\CController.php(869): ManagementController->renderFile()
#1 C:\xampp\htdocs\javapointcafe\framework\web\CController.php(782): ManagementController->renderPartial()
#2 C:\xampp\htdocs\javapointcafe\protected\controllers\ManagementController.php(327): ManagementController->render()
#3 unknown(0): ManagementController->actionUpdatemenuitem()
#4 C:\xampp\htdocs\javapointcafe\framework\web\actions\CAction.php(109): ReflectionMethod->invokeArgs()
#5 C:\xampp\htdocs\javapointcafe\framework\web\actions\CInlineAction.php(47): CInlineAction->runWithParamsInternal()
#6 C:\xampp\htdocs\javapointcafe\framework\web\CController.php(308): CInlineAction->runWithParams()
#7 C:\xampp\htdocs\javapointcafe\framework\web\CController.php(286): ManagementController->runAction()
#8 C:\xampp\htdocs\javapointcafe\framework\web\CController.php(265): ManagementController->runActionWithFilters()
#9 C:\xampp\htdocs\javapointcafe\framework\web\CWebApplication.php(282): ManagementController->run()
#10 C:\xampp\htdocs\javapointcafe\framework\web\CWebApplication.php(141): CWebApplication->runController()
#11 C:\xampp\htdocs\javapointcafe\framework\base\CApplication.php(184): CWebApplication->processRequest()
#12 C:\xampp\htdocs\javapointcafe\index.php(13): CWebApplication->run()
REQUEST_URI=/javapointcafe/index.php/management/updatemenuitem/6
in C:\xampp\htdocs\javapointcafe\protected\views\management\site\subcategory.php (51)
in C:\xampp\htdocs\javapointcafe\protected\controllers\ManagementController.php (327)
in C:\xampp\htdocs\javapointcafe\index.php (13)
2015/05/08 00:06:37 [error] [php] Undefined variable: subcategory (C:\xampp\htdocs\javapointcafe\protected\views\management\site\subcategory.php:51)
Stack trace:
#0 C:\xampp\htdocs\javapointcafe\framework\web\CController.php(869): ManagementController->renderFile()
#1 C:\xampp\htdocs\javapointcafe\framework\web\CController.php(782): ManagementController->renderPartial()
#2 C:\xampp\htdocs\javapointcafe\protected\controllers\ManagementController.php(327): ManagementController->render()
#3 unknown(0): ManagementController->actionUpdatemenuitem()
#4 C:\xampp\htdocs\javapointcafe\framework\web\actions\CAction.php(109): ReflectionMethod->invokeArgs()
#5 C:\xampp\htdocs\javapointcafe\framework\web\actions\CInlineAction.php(47): CInlineAction->runWithParamsInternal()
#6 C:\xampp\htdocs\javapointcafe\framework\web\CController.php(308): CInlineAction->runWithParams()
#7 C:\xampp\htdocs\javapointcafe\framework\web\CController.php(286): ManagementController->runAction()
#8 C:\xampp\htdocs\javapointcafe\framework\web\CController.php(265): ManagementController->runActionWithFilters()
#9 C:\xampp\htdocs\javapointcafe\framework\web\CWebApplication.php(282): ManagementController->run()
#10 C:\xampp\htdocs\javapointcafe\framework\web\CWebApplication.php(141): CWebApplication->runController()
#11 C:\xampp\htdocs\javapointcafe\framework\base\CApplication.php(184): CWebApplication->processRequest()
#12 C:\xampp\htdocs\javapointcafe\index.php(13): CWebApplication->run()
REQUEST_URI=/javapointcafe/index.php/management/updatemenuitem/6
in C:\xampp\htdocs\javapointcafe\protected\views\management\site\subcategory.php (51)
in C:\xampp\htdocs\javapointcafe\protected\controllers\ManagementController.php (327)
in C:\xampp\htdocs\javapointcafe\index.php (13)
2015/05/08 00:06:46 [error] [php] Undefined variable: subcategory (C:\xampp\htdocs\javapointcafe\protected\views\management\site\subcategory.php:51)
Stack trace:
#0 C:\xampp\htdocs\javapointcafe\framework\web\CController.php(869): ManagementController->renderFile()
#1 C:\xampp\htdocs\javapointcafe\framework\web\CController.php(782): ManagementController->renderPartial()
#2 C:\xampp\htdocs\javapointcafe\protected\controllers\ManagementController.php(327): ManagementController->render()
#3 unknown(0): ManagementController->actionUpdatemenuitem()
#4 C:\xampp\htdocs\javapointcafe\framework\web\actions\CAction.php(109): ReflectionMethod->invokeArgs()
#5 C:\xampp\htdocs\javapointcafe\framework\web\actions\CInlineAction.php(47): CInlineAction->runWithParamsInternal()
#6 C:\xampp\htdocs\javapointcafe\framework\web\CController.php(308): CInlineAction->runWithParams()
#7 C:\xampp\htdocs\javapointcafe\framework\web\CController.php(286): ManagementController->runAction()
#8 C:\xampp\htdocs\javapointcafe\framework\web\CController.php(265): ManagementController->runActionWithFilters()
#9 C:\xampp\htdocs\javapointcafe\framework\web\CWebApplication.php(282): ManagementController->run()
#10 C:\xampp\htdocs\javapointcafe\framework\web\CWebApplication.php(141): CWebApplication->runController()
#11 C:\xampp\htdocs\javapointcafe\framework\base\CApplication.php(184): CWebApplication->processRequest()
#12 C:\xampp\htdocs\javapointcafe\index.php(13): CWebApplication->run()
REQUEST_URI=/javapointcafe/index.php/management/updatemenuitem/6
in C:\xampp\htdocs\javapointcafe\protected\views\management\site\subcategory.php (51)
in C:\xampp\htdocs\javapointcafe\protected\controllers\ManagementController.php (327)
in C:\xampp\htdocs\javapointcafe\index.php (13)
2015/05/08 00:07:15 [error] [php] Undefined variable: subcategory (C:\xampp\htdocs\javapointcafe\protected\views\management\site\subcategory.php:51)
Stack trace:
#0 C:\xampp\htdocs\javapointcafe\framework\web\CController.php(869): ManagementController->renderFile()
#1 C:\xampp\htdocs\javapointcafe\framework\web\CController.php(782): ManagementController->renderPartial()
#2 C:\xampp\htdocs\javapointcafe\protected\controllers\ManagementController.php(327): ManagementController->render()
#3 unknown(0): ManagementController->actionUpdatemenuitem()
#4 C:\xampp\htdocs\javapointcafe\framework\web\actions\CAction.php(109): ReflectionMethod->invokeArgs()
#5 C:\xampp\htdocs\javapointcafe\framework\web\actions\CInlineAction.php(47): CInlineAction->runWithParamsInternal()
#6 C:\xampp\htdocs\javapointcafe\framework\web\CController.php(308): CInlineAction->runWithParams()
#7 C:\xampp\htdocs\javapointcafe\framework\web\CController.php(286): ManagementController->runAction()
#8 C:\xampp\htdocs\javapointcafe\framework\web\CController.php(265): ManagementController->runActionWithFilters()
#9 C:\xampp\htdocs\javapointcafe\framework\web\CWebApplication.php(282): ManagementController->run()
#10 C:\xampp\htdocs\javapointcafe\framework\web\CWebApplication.php(141): CWebApplication->runController()
#11 C:\xampp\htdocs\javapointcafe\framework\base\CApplication.php(184): CWebApplication->processRequest()
#12 C:\xampp\htdocs\javapointcafe\index.php(13): CWebApplication->run()
REQUEST_URI=/javapointcafe/index.php/management/updatemenuitem/6
in C:\xampp\htdocs\javapointcafe\protected\views\management\site\subcategory.php (51)
in C:\xampp\htdocs\javapointcafe\protected\controllers\ManagementController.php (327)
in C:\xampp\htdocs\javapointcafe\index.php (13)
2015/05/08 00:08:10 [error] [exception.CException] exception 'CException' with message 'Property "Item.item_name" is not defined.' in C:\xampp\htdocs\javapointcafe\framework\base\CComponent.php:130
Stack trace:
#0 C:\xampp\htdocs\javapointcafe\framework\db\ar\CActiveRecord.php(145): CComponent->__get('item_name')
#1 C:\xampp\htdocs\javapointcafe\protected\views\management\site\editmenuitem.php(53): CActiveRecord->__get('item_name')
#2 C:\xampp\htdocs\javapointcafe\framework\web\CBaseController.php(126): require('C:\\xampp\\htdocs...')
#3 C:\xampp\htdocs\javapointcafe\framework\web\CBaseController.php(95): CBaseController->renderInternal('C:\\xampp\\htdocs...', Array, true)
#4 C:\xampp\htdocs\javapointcafe\framework\web\CController.php(869): CBaseController->renderFile('C:\\xampp\\htdocs...', Array, true)
#5 C:\xampp\htdocs\javapointcafe\framework\web\CController.php(782): CController->renderPartial('site/editmenuit...', Array, true)
#6 C:\xampp\htdocs\javapointcafe\protected\controllers\ManagementController.php(327): CController->render('site/editmenuit...', Array)
#7 [internal function]: ManagementController->actionUpdatemenuitem('6')
#8 C:\xampp\htdocs\javapointcafe\framework\web\actions\CAction.php(109): ReflectionMethod->invokeArgs(Object(ManagementController), Array)
#9 C:\xampp\htdocs\javapointcafe\framework\web\actions\CInlineAction.php(47): CAction->runWithParamsInternal(Object(ManagementController), Object(ReflectionMethod), Array)
#10 C:\xampp\htdocs\javapointcafe\framework\web\CController.php(308): CInlineAction->runWithParams(Array)
#11 C:\xampp\htdocs\javapointcafe\framework\web\CController.php(286): CController->runAction(Object(CInlineAction))
#12 C:\xampp\htdocs\javapointcafe\framework\web\CController.php(265): CController->runActionWithFilters(Object(CInlineAction), Array)
#13 C:\xampp\htdocs\javapointcafe\framework\web\CWebApplication.php(282): CController->run('updatemenuitem')
#14 C:\xampp\htdocs\javapointcafe\framework\web\CWebApplication.php(141): CWebApplication->runController('management/upda...')
#15 C:\xampp\htdocs\javapointcafe\framework\base\CApplication.php(184): CWebApplication->processRequest()
#16 C:\xampp\htdocs\javapointcafe\index.php(13): CApplication->run()
#17 {main}
REQUEST_URI=/javapointcafe/index.php/management/updatemenuitem/6
---
2015/05/08 00:23:08 [error] [php] Undefined variable: model (C:\xampp\htdocs\javapointcafe\protected\controllers\ManagementController.php:319)
Stack trace:
#0 C:\xampp\htdocs\javapointcafe\framework\web\actions\CInlineAction.php(47): CInlineAction->runWithParamsInternal()
#1 C:\xampp\htdocs\javapointcafe\framework\web\CController.php(308): CInlineAction->runWithParams()
#2 C:\xampp\htdocs\javapointcafe\framework\web\CController.php(286): ManagementController->runAction()
#3 C:\xampp\htdocs\javapointcafe\framework\web\CController.php(265): ManagementController->runActionWithFilters()
#4 C:\xampp\htdocs\javapointcafe\framework\web\CWebApplication.php(282): ManagementController->run()
#5 C:\xampp\htdocs\javapointcafe\framework\web\CWebApplication.php(141): CWebApplication->runController()
#6 C:\xampp\htdocs\javapointcafe\framework\base\CApplication.php(184): CWebApplication->processRequest()
#7 C:\xampp\htdocs\javapointcafe\index.php(13): CWebApplication->run()
REQUEST_URI=/javapointcafe/index.php/management/updatemenuitem/21
in C:\xampp\htdocs\javapointcafe\protected\controllers\ManagementController.php (319)
in C:\xampp\htdocs\javapointcafe\index.php (13)
2015/05/08 17:31:57 [error] [php] Undefined variable: subcategory (C:\xampp\htdocs\javapointcafe\protected\views\management\site\editmenuitem.php:17)
Stack trace:
#0 C:\xampp\htdocs\javapointcafe\framework\web\CController.php(869): ManagementController->renderFile()
#1 C:\xampp\htdocs\javapointcafe\framework\web\CController.php(782): ManagementController->renderPartial()
#2 C:\xampp\htdocs\javapointcafe\protected\controllers\ManagementController.php(335): ManagementController->render()
#3 unknown(0): ManagementController->actionUpdatemenuitem()
#4 C:\xampp\htdocs\javapointcafe\framework\web\actions\CAction.php(109): ReflectionMethod->invokeArgs()
#5 C:\xampp\htdocs\javapointcafe\framework\web\actions\CInlineAction.php(47): CInlineAction->runWithParamsInternal()
#6 C:\xampp\htdocs\javapointcafe\framework\web\CController.php(308): CInlineAction->runWithParams()
#7 C:\xampp\htdocs\javapointcafe\framework\web\CController.php(286): ManagementController->runAction()
#8 C:\xampp\htdocs\javapointcafe\framework\web\CController.php(265): ManagementController->runActionWithFilters()
#9 C:\xampp\htdocs\javapointcafe\framework\web\CWebApplication.php(282): ManagementController->run()
#10 C:\xampp\htdocs\javapointcafe\framework\web\CWebApplication.php(141): CWebApplication->runController()
#11 C:\xampp\htdocs\javapointcafe\framework\base\CApplication.php(184): CWebApplication->processRequest()
#12 C:\xampp\htdocs\javapointcafe\index.php(13): CWebApplication->run()
REQUEST_URI=/javapointcafe/index.php/management/updatemenuitem/6
in C:\xampp\htdocs\javapointcafe\protected\views\management\site\editmenuitem.php (17)
in C:\xampp\htdocs\javapointcafe\protected\controllers\ManagementController.php (335)
in C:\xampp\htdocs\javapointcafe\index.php (13)
2015/05/08 19:48:44 [error] [exception.CHttpException.404] exception 'CHttpException' with message 'The system is unable to find the requested action "index.html".' in C:\xampp\htdocs\javapointcafe\framework\web\CController.php:483
Stack trace:
#0 C:\xampp\htdocs\javapointcafe\framework\web\CController.php(270): CController->missingAction('index.html')
#1 C:\xampp\htdocs\javapointcafe\framework\web\CWebApplication.php(282): CController->run('index.html')
#2 C:\xampp\htdocs\javapointcafe\framework\web\CWebApplication.php(141): CWebApplication->runController('site/index.html')
#3 C:\xampp\htdocs\javapointcafe\framework\base\CApplication.php(184): CWebApplication->processRequest()
#4 C:\xampp\htdocs\javapointcafe\index.php(13): CApplication->run()
#5 {main}
REQUEST_URI=/javapointcafe/index.php/site/index.html
HTTP_REFERER=http://localhost/javapointcafe/index.php/site/index
---
2015/05/08 19:49:21 [error] [exception.CHttpException.404] exception 'CHttpException' with message 'The system is unable to find the requested action "index.html".' in C:\xampp\htdocs\javapointcafe\framework\web\CController.php:483
Stack trace:
#0 C:\xampp\htdocs\javapointcafe\framework\web\CController.php(270): CController->missingAction('index.html')
#1 C:\xampp\htdocs\javapointcafe\framework\web\CWebApplication.php(282): CController->run('index.html')
#2 C:\xampp\htdocs\javapointcafe\framework\web\CWebApplication.php(141): CWebApplication->runController('site/index.html')
#3 C:\xampp\htdocs\javapointcafe\framework\base\CApplication.php(184): CWebApplication->processRequest()
#4 C:\xampp\htdocs\javapointcafe\index.php(13): CApplication->run()
#5 {main}
REQUEST_URI=/javapointcafe/index.php/site/index.html
HTTP_REFERER=http://localhost/javapointcafe/index.php/site/index
---
2015/05/08 19:52:07 [error] [exception.CHttpException.404] exception 'CHttpException' with message 'The system is unable to find the requested action "admin@javapointcafe.com".' in C:\xampp\htdocs\javapointcafe\framework\web\CController.php:483
Stack trace:
#0 C:\xampp\htdocs\javapointcafe\framework\web\CController.php(270): CController->missingAction('admin@javapoint...')
#1 C:\xampp\htdocs\javapointcafe\framework\web\CWebApplication.php(282): CController->run('admin@javapoint...')
#2 C:\xampp\htdocs\javapointcafe\framework\web\CWebApplication.php(141): CWebApplication->runController('site/admin@java...')
#3 C:\xampp\htdocs\javapointcafe\framework\base\CApplication.php(184): CWebApplication->processRequest()
#4 C:\xampp\htdocs\javapointcafe\index.php(13): CApplication->run()
#5 {main}
REQUEST_URI=/javapointcafe/index.php/site/admin@javapointcafe.com
HTTP_REFERER=http://localhost/javapointcafe/index.php/site/index
---
2015/05/08 20:12:30 [error] [exception.CHttpException.404] exception 'CHttpException' with message 'The system is unable to find the requested action "index.html".' in C:\xampp\htdocs\javapointcafe\framework\web\CController.php:483
Stack trace:
#0 C:\xampp\htdocs\javapointcafe\framework\web\CController.php(270): CController->missingAction('index.html')
#1 C:\xampp\htdocs\javapointcafe\framework\web\CWebApplication.php(282): CController->run('index.html')
#2 C:\xampp\htdocs\javapointcafe\framework\web\CWebApplication.php(141): CWebApplication->runController('site/index.html')
#3 C:\xampp\htdocs\javapointcafe\framework\base\CApplication.php(184): CWebApplication->processRequest()
#4 C:\xampp\htdocs\javapointcafe\index.php(13): CApplication->run()
#5 {main}
REQUEST_URI=/javapointcafe/index.php/site/index.html
HTTP_REFERER=http://localhost/javapointcafe/index.php/site/index
---
2015/05/08 21:14:20 [error] [exception.CHttpException.404] exception 'CHttpException' with message 'The system is unable to find the requested action "adduser".' in C:\xampp\htdocs\javapointcafe\framework\web\CController.php:483
Stack trace:
#0 C:\xampp\htdocs\javapointcafe\framework\web\CController.php(270): CController->missingAction('adduser')
#1 C:\xampp\htdocs\javapointcafe\framework\web\CWebApplication.php(282): CController->run('adduser')
#2 C:\xampp\htdocs\javapointcafe\framework\web\CWebApplication.php(141): CWebApplication->runController('site/adduser')
#3 C:\xampp\htdocs\javapointcafe\framework\base\CApplication.php(184): CWebApplication->processRequest()
#4 C:\xampp\htdocs\javapointcafe\index.php(13): CApplication->run()
#5 {main}
REQUEST_URI=/javapointcafe/index.php/site/adduser
HTTP_REFERER=http://localhost/javapointcafe/index.php/management/site
---
2015/05/08 21:20:21 [error] [exception.CHttpException.404] exception 'CHttpException' with message 'The system is unable to find the requested action "adduser".' in C:\xampp\htdocs\javapointcafe\framework\web\CController.php:483
Stack trace:
#0 C:\xampp\htdocs\javapointcafe\framework\web\CController.php(270): CController->missingAction('adduser')
#1 C:\xampp\htdocs\javapointcafe\framework\web\CWebApplication.php(282): CController->run('adduser')
#2 C:\xampp\htdocs\javapointcafe\framework\web\CWebApplication.php(141): CWebApplication->runController('site/adduser')
#3 C:\xampp\htdocs\javapointcafe\framework\base\CApplication.php(184): CWebApplication->processRequest()
#4 C:\xampp\htdocs\javapointcafe\index.php(13): CApplication->run()
#5 {main}
REQUEST_URI=/javapointcafe/index.php/site/adduser
HTTP_REFERER=http://localhost/javapointcafe/index.php/management/site
---
2015/05/08 21:21:21 [error] [exception.CException] exception 'CException' with message 'SiteController cannot find the requested view "management/site/register".' in C:\xampp\htdocs\javapointcafe\framework\web\CController.php:878
Stack trace:
#0 C:\xampp\htdocs\javapointcafe\framework\web\CController.php(782): CController->renderPartial('management/site...', NULL, true)
#1 C:\xampp\htdocs\javapointcafe\protected\controllers\SiteController.php(44): CController->render('management/site...')
#2 C:\xampp\htdocs\javapointcafe\framework\web\actions\CInlineAction.php(49): SiteController->actionAdduser()
#3 C:\xampp\htdocs\javapointcafe\framework\web\CController.php(308): CInlineAction->runWithParams(Array)
#4 C:\xampp\htdocs\javapointcafe\framework\web\CController.php(286): CController->runAction(Object(CInlineAction))
#5 C:\xampp\htdocs\javapointcafe\framework\web\CController.php(265): CController->runActionWithFilters(Object(CInlineAction), Array)
#6 C:\xampp\htdocs\javapointcafe\framework\web\CWebApplication.php(282): CController->run('adduser')
#7 C:\xampp\htdocs\javapointcafe\framework\web\CWebApplication.php(141): CWebApplication->runController('site/adduser')
#8 C:\xampp\htdocs\javapointcafe\framework\base\CApplication.php(184): CWebApplication->processRequest()
#9 C:\xampp\htdocs\javapointcafe\index.php(13): CApplication->run()
#10 {main}
REQUEST_URI=/javapointcafe/index.php/site/adduser
HTTP_REFERER=http://localhost/javapointcafe/index.php/management/site
---
2015/05/08 21:22:00 [error] [php] Undefined variable: model (C:\xampp\htdocs\javapointcafe\protected\views\site\register.php:49)
Stack trace:
#0 C:\xampp\htdocs\javapointcafe\framework\web\CController.php(869): SiteController->renderFile()
#1 C:\xampp\htdocs\javapointcafe\framework\web\CController.php(782): SiteController->renderPartial()
#2 C:\xampp\htdocs\javapointcafe\protected\controllers\SiteController.php(44): SiteController->render()
#3 C:\xampp\htdocs\javapointcafe\framework\web\actions\CInlineAction.php(49): SiteController->actionAdduser()
#4 C:\xampp\htdocs\javapointcafe\framework\web\CController.php(308): CInlineAction->runWithParams()
#5 C:\xampp\htdocs\javapointcafe\framework\web\CController.php(286): SiteController->runAction()
#6 C:\xampp\htdocs\javapointcafe\framework\web\CController.php(265): SiteController->runActionWithFilters()
#7 C:\xampp\htdocs\javapointcafe\framework\web\CWebApplication.php(282): SiteController->run()
#8 C:\xampp\htdocs\javapointcafe\framework\web\CWebApplication.php(141): CWebApplication->runController()
#9 C:\xampp\htdocs\javapointcafe\framework\base\CApplication.php(184): CWebApplication->processRequest()
#10 C:\xampp\htdocs\javapointcafe\index.php(13): CWebApplication->run()
REQUEST_URI=/javapointcafe/index.php/site/adduser
in C:\xampp\htdocs\javapointcafe\protected\views\site\register.php (49)
in C:\xampp\htdocs\javapointcafe\protected\controllers\SiteController.php (44)
in C:\xampp\htdocs\javapointcafe\index.php (13)
2015/05/08 21:23:07 [error] [exception.CException] exception 'CException' with message 'SiteController contains improperly nested widget tags in its view "C:\xampp\htdocs\javapointcafe\protected\views\site\register.php". A CActiveForm widget does not have an endWidget() call.' in C:\xampp\htdocs\javapointcafe\framework\web\CBaseController.php:101
Stack trace:
#0 C:\xampp\htdocs\javapointcafe\framework\web\CController.php(869): CBaseController->renderFile('C:\\xampp\\htdocs...', NULL, true)
#1 C:\xampp\htdocs\javapointcafe\framework\web\CController.php(782): CController->renderPartial('register', NULL, true)
#2 C:\xampp\htdocs\javapointcafe\protected\controllers\SiteController.php(44): CController->render('register')
#3 C:\xampp\htdocs\javapointcafe\framework\web\actions\CInlineAction.php(49): SiteController->actionAdduser()
#4 C:\xampp\htdocs\javapointcafe\framework\web\CController.php(308): CInlineAction->runWithParams(Array)
#5 C:\xampp\htdocs\javapointcafe\framework\web\CController.php(286): CController->runAction(Object(CInlineAction))
#6 C:\xampp\htdocs\javapointcafe\framework\web\CController.php(265): CController->runActionWithFilters(Object(CInlineAction), Array)
#7 C:\xampp\htdocs\javapointcafe\framework\web\CWebApplication.php(282): CController->run('adduser')
#8 C:\xampp\htdocs\javapointcafe\framework\web\CWebApplication.php(141): CWebApplication->runController('site/adduser')
#9 C:\xampp\htdocs\javapointcafe\framework\base\CApplication.php(184): CWebApplication->processRequest()
#10 C:\xampp\htdocs\javapointcafe\index.php(13): CApplication->run()
#11 {main}
REQUEST_URI=/javapointcafe/index.php/site/adduser
HTTP_REFERER=http://localhost/javapointcafe/index.php/management/site
---
2015/05/08 21:30:07 [error] [php] Undefined variable: form (C:\xampp\htdocs\javapointcafe\protected\views\site\register.php:49)
Stack trace:
#0 C:\xampp\htdocs\javapointcafe\framework\web\CController.php(869): SiteController->renderFile()
#1 C:\xampp\htdocs\javapointcafe\framework\web\CController.php(782): SiteController->renderPartial()
#2 C:\xampp\htdocs\javapointcafe\protected\controllers\SiteController.php(46): SiteController->render()
#3 C:\xampp\htdocs\javapointcafe\framework\web\actions\CInlineAction.php(49): SiteController->actionAdduser()
#4 C:\xampp\htdocs\javapointcafe\framework\web\CController.php(308): CInlineAction->runWithParams()
#5 C:\xampp\htdocs\javapointcafe\framework\web\CController.php(286): SiteController->runAction()
#6 C:\xampp\htdocs\javapointcafe\framework\web\CController.php(265): SiteController->runActionWithFilters()
#7 C:\xampp\htdocs\javapointcafe\framework\web\CWebApplication.php(282): SiteController->run()
#8 C:\xampp\htdocs\javapointcafe\framework\web\CWebApplication.php(141): CWebApplication->runController()
#9 C:\xampp\htdocs\javapointcafe\framework\base\CApplication.php(184): CWebApplication->processRequest()
#10 C:\xampp\htdocs\javapointcafe\index.php(13): CWebApplication->run()
REQUEST_URI=/javapointcafe/index.php/site/adduser
in C:\xampp\htdocs\javapointcafe\protected\views\site\register.php (49)
in C:\xampp\htdocs\javapointcafe\protected\controllers\SiteController.php (46)
in C:\xampp\htdocs\javapointcafe\index.php (13)
2015/05/08 21:37:33 [error] [exception.CException] exception 'CException' with message 'Property "User.confirm_user_password" is not defined.' in C:\xampp\htdocs\javapointcafe\framework\base\CComponent.php:130
Stack trace:
#0 C:\xampp\htdocs\javapointcafe\framework\db\ar\CActiveRecord.php(145): CComponent->__get('confirm_user_pa...')
#1 C:\xampp\htdocs\javapointcafe\framework\web\helpers\CHtml.php(2728): CActiveRecord->__get('confirm_user_pa...')
#2 C:\xampp\htdocs\javapointcafe\framework\web\helpers\CHtml.php(2451): CHtml::resolveValue(Object(User), 'confirm_user_pa...')
#3 C:\xampp\htdocs\javapointcafe\framework\web\helpers\CHtml.php(1533): CHtml::activeInputField('text', Object(User), 'confirm_user_pa...', Array)
#4 C:\xampp\htdocs\javapointcafe\framework\web\widgets\CActiveForm.php(792): CHtml::activeTextField(Object(User), 'confirm_user_pa...', Array)
#5 C:\xampp\htdocs\javapointcafe\protected\views\site\register.php(72): CActiveForm->textField(Object(User), 'confirm_user_pa...', Array)
#6 C:\xampp\htdocs\javapointcafe\framework\web\CBaseController.php(126): require('C:\\xampp\\htdocs...')
#7 C:\xampp\htdocs\javapointcafe\framework\web\CBaseController.php(95): CBaseController->renderInternal('C:\\xampp\\htdocs...', Array, true)
#8 C:\xampp\htdocs\javapointcafe\framework\web\CController.php(869): CBaseController->renderFile('C:\\xampp\\htdocs...', Array, true)
#9 C:\xampp\htdocs\javapointcafe\framework\web\CController.php(782): CController->renderPartial('register', Array, true)
#10 C:\xampp\htdocs\javapointcafe\protected\controllers\SiteController.php(46): CController->render('register', Array)
#11 C:\xampp\htdocs\javapointcafe\framework\web\actions\CInlineAction.php(49): SiteController->actionAdduser()
#12 C:\xampp\htdocs\javapointcafe\framework\web\CController.php(308): CInlineAction->runWithParams(Array)
#13 C:\xampp\htdocs\javapointcafe\framework\web\CController.php(286): CController->runAction(Object(CInlineAction))
#14 C:\xampp\htdocs\javapointcafe\framework\web\CController.php(265): CController->runActionWithFilters(Object(CInlineAction), Array)
#15 C:\xampp\htdocs\javapointcafe\framework\web\CWebApplication.php(282): CController->run('adduser')
#16 C:\xampp\htdocs\javapointcafe\framework\web\CWebApplication.php(141): CWebApplication->runController('site/adduser')
#17 C:\xampp\htdocs\javapointcafe\framework\base\CApplication.php(184): CWebApplication->processRequest()
#18 C:\xampp\htdocs\javapointcafe\index.php(13): CApplication->run()
#19 {main}
REQUEST_URI=/javapointcafe/index.php/site/adduser
HTTP_REFERER=http://localhost/javapointcafe/index.php/site/adduser
---
2015/05/08 21:44:21 [warning] [application] Failed to set unsafe attribute "confirm_user_password" of "User".
in C:\xampp\htdocs\javapointcafe\protected\controllers\SiteController.php (47)
in C:\xampp\htdocs\javapointcafe\index.php (13)
2015/05/08 21:44:27 [warning] [application] Failed to set unsafe attribute "confirm_user_password" of "User".
in C:\xampp\htdocs\javapointcafe\protected\controllers\SiteController.php (47)
in C:\xampp\htdocs\javapointcafe\index.php (13)
2015/05/08 21:44:34 [warning] [application] Failed to set unsafe attribute "confirm_user_password" of "User".
in C:\xampp\htdocs\javapointcafe\protected\controllers\SiteController.php (47)
in C:\xampp\htdocs\javapointcafe\index.php (13)
2015/05/08 21:44:39 [warning] [application] Failed to set unsafe attribute "confirm_user_password" of "User".
in C:\xampp\htdocs\javapointcafe\protected\controllers\SiteController.php (47)
in C:\xampp\htdocs\javapointcafe\index.php (13)
2015/05/08 21:45:45 [warning] [application] Failed to set unsafe attribute "confirm_user_password" of "User".
in C:\xampp\htdocs\javapointcafe\protected\controllers\SiteController.php (47)
in C:\xampp\htdocs\javapointcafe\index.php (13)
2015/05/08 21:47:18 [warning] [application] Failed to set unsafe attribute "confirm_user_password" of "User".
in C:\xampp\htdocs\javapointcafe\protected\controllers\SiteController.php (47)
in C:\xampp\htdocs\javapointcafe\index.php (13)
2015/05/08 21:49:10 [warning] [application] Failed to set unsafe attribute "confirm_user_password" of "User".
in C:\xampp\htdocs\javapointcafe\protected\controllers\SiteController.php (47)
in C:\xampp\htdocs\javapointcafe\index.php (13)
2015/05/08 21:49:57 [warning] [application] Failed to set unsafe attribute "confirm_user_password" of "User".
in C:\xampp\htdocs\javapointcafe\protected\controllers\SiteController.php (47)
in C:\xampp\htdocs\javapointcafe\index.php (13)
2015/05/08 21:49:57 [error] [system.db.CDbCommand] CDbCommand::execute() failed: SQLSTATE[23000]: Integrity constraint violation: 1062 Duplicate entry '1' for key 'user_username_UNIQUE'. The SQL statement executed was: INSERT INTO `user` (`user_type`, `user_active`, `user_username`, `user_password`, `user_full_name`) VALUES (:yp0, :yp1, :yp2, :yp3, :yp4).
in C:\xampp\htdocs\javapointcafe\protected\controllers\SiteController.php (51)
in C:\xampp\htdocs\javapointcafe\index.php (13)
2015/05/08 21:49:57 [error] [exception.CDbException] exception 'CDbException' with message 'CDbCommand failed to execute the SQL statement: SQLSTATE[23000]: Integrity constraint violation: 1062 Duplicate entry '1' for key 'user_username_UNIQUE'. The SQL statement executed was: INSERT INTO `user` (`user_type`, `user_active`, `user_username`, `user_password`, `user_full_name`) VALUES (:yp0, :yp1, :yp2, :yp3, :yp4)' in C:\xampp\htdocs\javapointcafe\framework\db\CDbCommand.php:358
Stack trace:
#0 C:\xampp\htdocs\javapointcafe\framework\db\ar\CActiveRecord.php(1080): CDbCommand->execute()
#1 C:\xampp\htdocs\javapointcafe\framework\db\ar\CActiveRecord.php(809): CActiveRecord->insert(NULL)
#2 C:\xampp\htdocs\javapointcafe\protected\controllers\SiteController.php(51): CActiveRecord->save()
#3 C:\xampp\htdocs\javapointcafe\framework\web\actions\CInlineAction.php(49): SiteController->actionAdduser()
#4 C:\xampp\htdocs\javapointcafe\framework\web\CController.php(308): CInlineAction->runWithParams(Array)
#5 C:\xampp\htdocs\javapointcafe\framework\web\CController.php(286): CController->runAction(Object(CInlineAction))
#6 C:\xampp\htdocs\javapointcafe\framework\web\CController.php(265): CController->runActionWithFilters(Object(CInlineAction), Array)
#7 C:\xampp\htdocs\javapointcafe\framework\web\CWebApplication.php(282): CController->run('adduser')
#8 C:\xampp\htdocs\javapointcafe\framework\web\CWebApplication.php(141): CWebApplication->runController('site/adduser')
#9 C:\xampp\htdocs\javapointcafe\framework\base\CApplication.php(184): CWebApplication->processRequest()
#10 C:\xampp\htdocs\javapointcafe\index.php(13): CApplication->run()
#11 {main}
REQUEST_URI=/javapointcafe/index.php/site/adduser
HTTP_REFERER=http://localhost/javapointcafe/index.php/site/adduser
---
2015/05/08 21:50:57 [warning] [application] Failed to set unsafe attribute "confirm_user_password" of "User".
in C:\xampp\htdocs\javapointcafe\protected\controllers\SiteController.php (47)
in C:\xampp\htdocs\javapointcafe\index.php (13)
2015/05/08 21:51:18 [warning] [application] Failed to set unsafe attribute "confirm_user_password" of "User".
in C:\xampp\htdocs\javapointcafe\protected\controllers\SiteController.php (47)
in C:\xampp\htdocs\javapointcafe\index.php (13)
2015/05/08 21:51:40 [warning] [application] Failed to set unsafe attribute "confirm_user_password" of "User".
in C:\xampp\htdocs\javapointcafe\protected\controllers\SiteController.php (47)
in C:\xampp\htdocs\javapointcafe\index.php (13)
2015/05/08 21:52:02 [warning] [application] Failed to set unsafe attribute "confirm_user_password" of "User".
in C:\xampp\htdocs\javapointcafe\protected\controllers\SiteController.php (47)
in C:\xampp\htdocs\javapointcafe\index.php (13)
2015/05/08 21:53:06 [warning] [application] Failed to set unsafe attribute "confirm_user_password" of "User".
in C:\xampp\htdocs\javapointcafe\protected\controllers\SiteController.php (47)
in C:\xampp\htdocs\javapointcafe\index.php (13)
2015/05/08 21:53:23 [warning] [application] Failed to set unsafe attribute "confirm_user_password" of "User".
in C:\xampp\htdocs\javapointcafe\protected\controllers\SiteController.php (47)
in C:\xampp\htdocs\javapointcafe\index.php (13)
2015/05/08 21:53:46 [warning] [application] Failed to set unsafe attribute "confirm_user_password" of "User".
in C:\xampp\htdocs\javapointcafe\protected\controllers\SiteController.php (47)
in C:\xampp\htdocs\javapointcafe\index.php (13)
2015/05/08 21:57:43 [warning] [application] Failed to set unsafe attribute "confirm_user_password" of "User".
in C:\xampp\htdocs\javapointcafe\protected\controllers\SiteController.php (47)
in C:\xampp\htdocs\javapointcafe\index.php (13)
2015/05/08 21:59:46 [warning] [application] Failed to set unsafe attribute "confirm_user_password" of "User".
in C:\xampp\htdocs\javapointcafe\protected\controllers\SiteController.php (47)
in C:\xampp\htdocs\javapointcafe\index.php (13)
2015/05/08 21:59:54 [warning] [application] Failed to set unsafe attribute "confirm_user_password" of "User".
in C:\xampp\htdocs\javapointcafe\protected\controllers\SiteController.php (47)
in C:\xampp\htdocs\javapointcafe\index.php (13)
2015/05/08 22:00:01 [warning] [application] Failed to set unsafe attribute "confirm_user_password" of "User".
in C:\xampp\htdocs\javapointcafe\protected\controllers\SiteController.php (47)
in C:\xampp\htdocs\javapointcafe\index.php (13)
